{"name":"hexo","hostname":"instance-aazbimhg","pid":23269,"level":20,"msg":"Writing database to /etc/nginx/html/note/db.json","time":"2019-11-03T10:32:39.849Z","v":0}
{"name":"hexo","hostname":"instance-aazbimhg","pid":23269,"level":20,"msg":"Hexo version: \u001b[35m3.9.0\u001b[39m","time":"2019-11-03T10:32:39.862Z","v":0}
{"name":"hexo","hostname":"instance-aazbimhg","pid":23269,"level":20,"msg":"Working directory: \u001b[35m/etc/nginx/html/note/\u001b[39m","time":"2019-11-03T10:32:39.862Z","v":0}
{"name":"hexo","hostname":"instance-aazbimhg","pid":23269,"level":20,"msg":"Config loaded: \u001b[35m/etc/nginx/html/note/_config.yml\u001b[39m","time":"2019-11-03T10:32:39.930Z","v":0}
{"name":"hexo","hostname":"instance-aazbimhg","pid":23269,"level":20,"msg":"Plugin loaded: \u001b[35mhexo-admin\u001b[39m","time":"2019-11-03T10:32:40.021Z","v":0}
{"name":"hexo","hostname":"instance-aazbimhg","pid":23269,"level":20,"msg":"Plugin loaded: \u001b[35mhexo-asset-image\u001b[39m","time":"2019-11-03T10:32:40.090Z","v":0}
{"name":"hexo","hostname":"instance-aazbimhg","pid":23269,"level":20,"msg":"Plugin loaded: \u001b[35mhexo-copy-linkfile\u001b[39m","time":"2019-11-03T10:32:40.091Z","v":0}
{"name":"hexo","hostname":"instance-aazbimhg","pid":23269,"level":20,"msg":"Plugin loaded: \u001b[35mhexo-deployer-git\u001b[39m","time":"2019-11-03T10:32:40.203Z","v":0}
{"name":"hexo","hostname":"instance-aazbimhg","pid":23269,"level":20,"msg":"Plugin loaded: \u001b[35mhexo-filter-file-link\u001b[39m","time":"2019-11-03T10:32:40.204Z","v":0}
{"name":"hexo","hostname":"instance-aazbimhg","pid":23269,"level":20,"msg":"Plugin loaded: \u001b[35mhexo-generator-archive\u001b[39m","time":"2019-11-03T10:32:40.206Z","v":0}
{"name":"hexo","hostname":"instance-aazbimhg","pid":23269,"level":20,"msg":"Plugin loaded: \u001b[35mhexo-generator-baidu-sitemap\u001b[39m","time":"2019-11-03T10:32:40.211Z","v":0}
{"name":"hexo","hostname":"instance-aazbimhg","pid":23269,"level":20,"msg":"Plugin loaded: \u001b[35mhexo-generator-category\u001b[39m","time":"2019-11-03T10:32:40.212Z","v":0}
{"name":"hexo","hostname":"instance-aazbimhg","pid":23269,"level":20,"msg":"Plugin loaded: \u001b[35mhexo-generator-index\u001b[39m","time":"2019-11-03T10:32:40.213Z","v":0}
{"name":"hexo","hostname":"instance-aazbimhg","pid":23269,"level":20,"msg":"Plugin loaded: \u001b[35mhexo-generator-sitemap\u001b[39m","time":"2019-11-03T10:32:40.214Z","v":0}
{"name":"hexo","hostname":"instance-aazbimhg","pid":23269,"level":20,"msg":"Plugin loaded: \u001b[35mhexo-generator-tag\u001b[39m","time":"2019-11-03T10:32:40.215Z","v":0}
{"name":"hexo","hostname":"instance-aazbimhg","pid":23269,"level":20,"msg":"Plugin loaded: \u001b[35mhexo-renderer-ejs\u001b[39m","time":"2019-11-03T10:32:40.216Z","v":0}
{"name":"hexo","hostname":"instance-aazbimhg","pid":23269,"level":20,"msg":"Plugin loaded: \u001b[35mhexo-renderer-marked\u001b[39m","time":"2019-11-03T10:32:40.221Z","v":0}
{"name":"hexo","hostname":"instance-aazbimhg","pid":23269,"level":20,"msg":"Plugin loaded: \u001b[35mhexo-renderer-stylus\u001b[39m","time":"2019-11-03T10:32:40.222Z","v":0}
{"name":"hexo","hostname":"instance-aazbimhg","pid":23269,"level":20,"msg":"Plugin loaded: \u001b[35mhexo-server\u001b[39m","time":"2019-11-03T10:32:40.290Z","v":0}
{"name":"hexo","hostname":"instance-aazbimhg","pid":23269,"level":20,"msg":"Loading database.","time":"2019-11-03T10:32:40.349Z","v":0}
{"name":"hexo","hostname":"instance-aazbimhg","pid":23269,"level":30,"msg":"Start processing","time":"2019-11-03T10:32:40.364Z","v":0}
{"name":"hexo","hostname":"instance-aazbimhg","pid":23269,"level":20,"msg":"Processed: \u001b[35mrobot.txt\u001b[39m","time":"2019-11-03T10:32:40.390Z","v":0}
{"name":"hexo","hostname":"instance-aazbimhg","pid":23269,"level":20,"msg":"Processed: \u001b[35mimages/pasted-0.png\u001b[39m","time":"2019-11-03T10:32:40.438Z","v":0}
{"name":"hexo","hostname":"instance-aazbimhg","pid":23269,"level":20,"msg":"Processed: \u001b[35mimages/pasted-10.png\u001b[39m","time":"2019-11-03T10:32:40.438Z","v":0}
{"name":"hexo","hostname":"instance-aazbimhg","pid":23269,"level":20,"msg":"Processed: \u001b[35mimages/pasted-11.png\u001b[39m","time":"2019-11-03T10:32:40.439Z","v":0}
{"name":"hexo","hostname":"instance-aazbimhg","pid":23269,"level":20,"msg":"Processed: \u001b[35mimages/pasted-12.png\u001b[39m","time":"2019-11-03T10:32:40.440Z","v":0}
{"name":"hexo","hostname":"instance-aazbimhg","pid":23269,"level":20,"msg":"Processed: \u001b[35mimages/pasted-13.png\u001b[39m","time":"2019-11-03T10:32:40.440Z","v":0}
{"name":"hexo","hostname":"instance-aazbimhg","pid":23269,"level":20,"msg":"Processed: \u001b[35mimages/pasted-14.png\u001b[39m","time":"2019-11-03T10:32:40.441Z","v":0}
{"name":"hexo","hostname":"instance-aazbimhg","pid":23269,"level":20,"msg":"Processed: \u001b[35mimages/pasted-15.png\u001b[39m","time":"2019-11-03T10:32:40.441Z","v":0}
{"name":"hexo","hostname":"instance-aazbimhg","pid":23269,"level":20,"msg":"Processed: \u001b[35mimages/pasted-16.png\u001b[39m","time":"2019-11-03T10:32:40.442Z","v":0}
{"name":"hexo","hostname":"instance-aazbimhg","pid":23269,"level":20,"msg":"Processed: \u001b[35mimages/pasted-17.png\u001b[39m","time":"2019-11-03T10:32:40.442Z","v":0}
{"name":"hexo","hostname":"instance-aazbimhg","pid":23269,"level":20,"msg":"Processed: \u001b[35mimages/pasted-18.png\u001b[39m","time":"2019-11-03T10:32:40.443Z","v":0}
{"name":"hexo","hostname":"instance-aazbimhg","pid":23269,"level":20,"msg":"Processed: \u001b[35mimages/pasted-19.png\u001b[39m","time":"2019-11-03T10:32:40.443Z","v":0}
{"name":"hexo","hostname":"instance-aazbimhg","pid":23269,"level":20,"msg":"Processed: \u001b[35mimages/pasted-6.png\u001b[39m","time":"2019-11-03T10:32:40.444Z","v":0}
{"name":"hexo","hostname":"instance-aazbimhg","pid":23269,"level":20,"msg":"Processed: \u001b[35mimages/pasted-1.png\u001b[39m","time":"2019-11-03T10:32:40.464Z","v":0}
{"name":"hexo","hostname":"instance-aazbimhg","pid":23269,"level":20,"msg":"Processed: \u001b[35mimages/pasted-8.png\u001b[39m","time":"2019-11-03T10:32:40.465Z","v":0}
{"name":"hexo","hostname":"instance-aazbimhg","pid":23269,"level":20,"msg":"Theme config loaded.","time":"2019-11-03T10:32:40.478Z","v":0}
{"name":"hexo","hostname":"instance-aazbimhg","pid":23269,"level":20,"msg":"Processed: \u001b[35m_config.yml\u001b[39m","time":"2019-11-03T10:32:40.479Z","v":0}
{"name":"hexo","hostname":"instance-aazbimhg","pid":23269,"level":20,"msg":"Processed: \u001b[35mimages/pasted-4.png\u001b[39m","time":"2019-11-03T10:32:40.480Z","v":0}
{"name":"hexo","hostname":"instance-aazbimhg","pid":23269,"level":20,"msg":"Processed: \u001b[35mimages/pasted-9.png\u001b[39m","time":"2019-11-03T10:32:40.480Z","v":0}
{"name":"hexo","hostname":"instance-aazbimhg","pid":23269,"level":20,"msg":"Processed: \u001b[35mnote/images/pasted-0.png\u001b[39m","time":"2019-11-03T10:32:40.481Z","v":0}
{"name":"hexo","hostname":"instance-aazbimhg","pid":23269,"level":20,"msg":"Processed: \u001b[35msource/css/gitalk.css\u001b[39m","time":"2019-11-03T10:32:40.491Z","v":0}
{"name":"hexo","hostname":"instance-aazbimhg","pid":23269,"level":20,"msg":"Processed: \u001b[35msource/css/mobile.styl\u001b[39m","time":"2019-11-03T10:32:40.492Z","v":0}
{"name":"hexo","hostname":"instance-aazbimhg","pid":23269,"level":20,"msg":"Processed: \u001b[35msource/css/style.styl\u001b[39m","time":"2019-11-03T10:32:40.492Z","v":0}
{"name":"hexo","hostname":"instance-aazbimhg","pid":23269,"level":20,"msg":"Processed: \u001b[35msource/img/article-list-background.jpeg\u001b[39m","time":"2019-11-03T10:32:40.493Z","v":0}
{"name":"hexo","hostname":"instance-aazbimhg","pid":23269,"level":20,"msg":"Processed: \u001b[35msource/img/avatar.jpg\u001b[39m","time":"2019-11-03T10:32:40.493Z","v":0}
{"name":"hexo","hostname":"instance-aazbimhg","pid":23269,"level":20,"msg":"Processed: \u001b[35msource/img/brown-papersq.png\u001b[39m","time":"2019-11-03T10:32:40.494Z","v":0}
{"name":"hexo","hostname":"instance-aazbimhg","pid":23269,"level":20,"msg":"Processed: \u001b[35msource/img/school-book.png\u001b[39m","time":"2019-11-03T10:32:40.494Z","v":0}
{"name":"hexo","hostname":"instance-aazbimhg","pid":23269,"level":20,"msg":"Processed: \u001b[35msource/js/iconfont.js\u001b[39m","time":"2019-11-03T10:32:40.495Z","v":0}
{"name":"hexo","hostname":"instance-aazbimhg","pid":23269,"level":20,"msg":"Processed: \u001b[35msource/js/jquery.autocomplete.min.js\u001b[39m","time":"2019-11-03T10:32:40.495Z","v":0}
{"name":"hexo","hostname":"instance-aazbimhg","pid":23269,"level":20,"msg":"Processed: \u001b[35msource/js/jquery.pjax.js\u001b[39m","time":"2019-11-03T10:32:40.495Z","v":0}
{"name":"hexo","hostname":"instance-aazbimhg","pid":23269,"level":20,"msg":"Processed: \u001b[35msource/js/script.js\u001b[39m","time":"2019-11-03T10:32:40.496Z","v":0}
{"name":"hexo","hostname":"instance-aazbimhg","pid":23269,"level":20,"msg":"Processed: \u001b[35msource/js/search.js\u001b[39m","time":"2019-11-03T10:32:40.496Z","v":0}
{"name":"hexo","hostname":"instance-aazbimhg","pid":23269,"level":20,"msg":"Processed: \u001b[35mimages/pasted-7.png\u001b[39m","time":"2019-11-03T10:32:40.503Z","v":0}
{"name":"hexo","hostname":"instance-aazbimhg","pid":23269,"level":20,"msg":"Processed: \u001b[35msource/img/alipay.jpg\u001b[39m","time":"2019-11-03T10:32:40.503Z","v":0}
{"name":"hexo","hostname":"instance-aazbimhg","pid":23269,"level":20,"msg":"Processed: \u001b[35msource/img/weixin.jpg\u001b[39m","time":"2019-11-03T10:32:40.504Z","v":0}
{"name":"hexo","hostname":"instance-aazbimhg","pid":23269,"level":20,"msg":"Processed: \u001b[35mimages/pasted-2.png\u001b[39m","time":"2019-11-03T10:32:40.509Z","v":0}
{"name":"hexo","hostname":"instance-aazbimhg","pid":23269,"level":20,"msg":"Processed: \u001b[35mimages/pasted-3.png\u001b[39m","time":"2019-11-03T10:32:40.510Z","v":0}
{"name":"hexo","hostname":"instance-aazbimhg","pid":23269,"level":20,"msg":"Processed: \u001b[35msource/css/fonts/icomoon.eot\u001b[39m","time":"2019-11-03T10:32:40.519Z","v":0}
{"name":"hexo","hostname":"instance-aazbimhg","pid":23269,"level":20,"msg":"Processed: \u001b[35msource/css/fonts/icomoon.svg\u001b[39m","time":"2019-11-03T10:32:40.520Z","v":0}
{"name":"hexo","hostname":"instance-aazbimhg","pid":23269,"level":20,"msg":"Processed: \u001b[35msource/css/fonts/icomoon.ttf\u001b[39m","time":"2019-11-03T10:32:40.520Z","v":0}
{"name":"hexo","hostname":"instance-aazbimhg","pid":23269,"level":20,"msg":"Processed: \u001b[35msource/css/fonts/icomoon.woff\u001b[39m","time":"2019-11-03T10:32:40.521Z","v":0}
{"name":"hexo","hostname":"instance-aazbimhg","pid":23269,"level":20,"msg":"Processed: \u001b[35msource/css/fonts/iconfont.eot\u001b[39m","time":"2019-11-03T10:32:40.522Z","v":0}
{"name":"hexo","hostname":"instance-aazbimhg","pid":23269,"level":20,"msg":"Processed: \u001b[35msource/css/fonts/iconfont.svg\u001b[39m","time":"2019-11-03T10:32:40.522Z","v":0}
{"name":"hexo","hostname":"instance-aazbimhg","pid":23269,"level":20,"msg":"Processed: \u001b[35msource/css/fonts/iconfont.ttf\u001b[39m","time":"2019-11-03T10:32:40.531Z","v":0}
{"name":"hexo","hostname":"instance-aazbimhg","pid":23269,"level":20,"msg":"Processed: \u001b[35msource/css/fonts/iconfont.woff\u001b[39m","time":"2019-11-03T10:32:40.532Z","v":0}
{"name":"hexo","hostname":"instance-aazbimhg","pid":23269,"level":20,"msg":"Processed: \u001b[35msource/css/fonts/selection.json\u001b[39m","time":"2019-11-03T10:32:40.533Z","v":0}
{"name":"hexo","hostname":"instance-aazbimhg","pid":23269,"level":20,"msg":"Processed: \u001b[35msource/css/hl_theme/atom-dark.styl\u001b[39m","time":"2019-11-03T10:32:40.534Z","v":0}
{"name":"hexo","hostname":"instance-aazbimhg","pid":23269,"level":20,"msg":"Processed: \u001b[35msource/css/hl_theme/atom-light.styl\u001b[39m","time":"2019-11-03T10:32:40.535Z","v":0}
{"name":"hexo","hostname":"instance-aazbimhg","pid":23269,"level":20,"msg":"Processed: \u001b[35msource/css/hl_theme/brown-paper.styl\u001b[39m","time":"2019-11-03T10:32:40.535Z","v":0}
{"name":"hexo","hostname":"instance-aazbimhg","pid":23269,"level":20,"msg":"Processed: \u001b[35msource/css/hl_theme/darcula.styl\u001b[39m","time":"2019-11-03T10:32:40.536Z","v":0}
{"name":"hexo","hostname":"instance-aazbimhg","pid":23269,"level":20,"msg":"Processed: \u001b[35msource/css/hl_theme/github-gist.styl\u001b[39m","time":"2019-11-03T10:32:40.537Z","v":0}
{"name":"hexo","hostname":"instance-aazbimhg","pid":23269,"level":20,"msg":"Processed: \u001b[35msource/css/hl_theme/github.styl\u001b[39m","time":"2019-11-03T10:32:40.539Z","v":0}
{"name":"hexo","hostname":"instance-aazbimhg","pid":23269,"level":20,"msg":"Processed: \u001b[35msource/css/hl_theme/gruvbox-dark.styl\u001b[39m","time":"2019-11-03T10:32:40.540Z","v":0}
{"name":"hexo","hostname":"instance-aazbimhg","pid":23269,"level":20,"msg":"Processed: \u001b[35msource/css/hl_theme/gruvbox-light.styl\u001b[39m","time":"2019-11-03T10:32:40.550Z","v":0}
{"name":"hexo","hostname":"instance-aazbimhg","pid":23269,"level":20,"msg":"Processed: \u001b[35msource/css/hl_theme/kimbie-dark.styl\u001b[39m","time":"2019-11-03T10:32:40.551Z","v":0}
{"name":"hexo","hostname":"instance-aazbimhg","pid":23269,"level":20,"msg":"Processed: \u001b[35msource/css/hl_theme/kimbie-light.styl\u001b[39m","time":"2019-11-03T10:32:40.551Z","v":0}
{"name":"hexo","hostname":"instance-aazbimhg","pid":23269,"level":20,"msg":"Processed: \u001b[35msource/css/hl_theme/railscasts.styl\u001b[39m","time":"2019-11-03T10:32:40.552Z","v":0}
{"name":"hexo","hostname":"instance-aazbimhg","pid":23269,"level":20,"msg":"Processed: \u001b[35msource/css/hl_theme/rainbow.styl\u001b[39m","time":"2019-11-03T10:32:40.552Z","v":0}
{"name":"hexo","hostname":"instance-aazbimhg","pid":23269,"level":20,"msg":"Processed: \u001b[35mlayout/index.ejs\u001b[39m","time":"2019-11-03T10:32:40.577Z","v":0}
{"name":"hexo","hostname":"instance-aazbimhg","pid":23269,"level":20,"msg":"Processed: \u001b[35mlayout/indexs.md\u001b[39m","time":"2019-11-03T10:32:40.578Z","v":0}
{"name":"hexo","hostname":"instance-aazbimhg","pid":23269,"level":20,"msg":"Processed: \u001b[35mlayout/post.ejs\u001b[39m","time":"2019-11-03T10:32:40.578Z","v":0}
{"name":"hexo","hostname":"instance-aazbimhg","pid":23269,"level":20,"msg":"Processed: \u001b[35m_posts/hexo-admin安装使用.md\u001b[39m","time":"2019-11-03T10:32:40.599Z","v":0}
{"name":"hexo","hostname":"instance-aazbimhg","pid":23269,"level":20,"msg":"Processed: \u001b[35msource/css/hl_theme/school-book.styl\u001b[39m","time":"2019-11-03T10:32:40.603Z","v":0}
{"name":"hexo","hostname":"instance-aazbimhg","pid":23269,"level":20,"msg":"Processed: \u001b[35msource/css/hl_theme/sublime.styl\u001b[39m","time":"2019-11-03T10:32:40.605Z","v":0}
{"name":"hexo","hostname":"instance-aazbimhg","pid":23269,"level":20,"msg":"Processed: \u001b[35m_posts/hexo主题之hexo-theme-yilia-plus.md\u001b[39m","time":"2019-11-03T10:32:40.607Z","v":0}
{"name":"hexo","hostname":"instance-aazbimhg","pid":23269,"level":20,"msg":"Processed: \u001b[35m_posts/hexo-通过hexo-admin进行全自动发布文章，能在线拷贝图片，实时查看效果，更加优雅！！！完成hexo-g-d-，彻底脱离命令行操作！！！！.md\u001b[39m","time":"2019-11-03T10:32:40.607Z","v":0}
{"name":"hexo","hostname":"instance-aazbimhg","pid":23269,"level":20,"msg":"Processed: \u001b[35msource/css/hl_theme/sunburst.styl\u001b[39m","time":"2019-11-03T10:32:40.609Z","v":0}
{"name":"hexo","hostname":"instance-aazbimhg","pid":23269,"level":20,"msg":"Processed: \u001b[35m_posts/从零开始创建一个属于技术宅的产品-万站联盟接入-知识铺.md\u001b[39m","time":"2019-11-03T10:32:40.610Z","v":0}
{"name":"hexo","hostname":"instance-aazbimhg","pid":23269,"level":20,"msg":"Processed: \u001b[35msource/css/hl_theme/zenbum.styl\u001b[39m","time":"2019-11-03T10:32:40.611Z","v":0}
{"name":"hexo","hostname":"instance-aazbimhg","pid":23269,"level":20,"msg":"Processed: \u001b[35m_posts/从零开始创建一个属于技术宅的产品，万站联盟-知识铺.md\u001b[39m","time":"2019-11-03T10:32:40.614Z","v":0}
{"name":"hexo","hostname":"instance-aazbimhg","pid":23269,"level":20,"msg":"Processed: \u001b[35m_posts/从零开始创建一个属于程序员的网站，第一个个人博客-知识铺.md\u001b[39m","time":"2019-11-03T10:32:40.618Z","v":0}
{"name":"hexo","hostname":"instance-aazbimhg","pid":23269,"level":20,"msg":"Processed: \u001b[35m_posts/从零开始创建一个漂亮的todo-第一版-知识铺.md\u001b[39m","time":"2019-11-03T10:32:40.619Z","v":0}
{"name":"hexo","hostname":"instance-aazbimhg","pid":23269,"level":20,"msg":"Processed: \u001b[35m_posts/Hexo搭建个人博客.md\u001b[39m","time":"2019-11-03T10:32:40.622Z","v":0}
{"name":"hexo","hostname":"instance-aazbimhg","pid":23269,"level":20,"msg":"Processed: \u001b[35m_posts/如何优雅地发布Hexo博客.md\u001b[39m","time":"2019-11-03T10:32:40.622Z","v":0}
{"name":"hexo","hostname":"instance-aazbimhg","pid":23269,"level":20,"msg":"Processed: \u001b[35m_posts/Hexo admin 自动发布文章.md\u001b[39m","time":"2019-11-03T10:32:40.623Z","v":0}
{"name":"hexo","hostname":"instance-aazbimhg","pid":23269,"level":20,"msg":"Processed: \u001b[35msource/js/gitment.js\u001b[39m","time":"2019-11-03T10:32:40.635Z","v":0}
{"name":"hexo","hostname":"instance-aazbimhg","pid":23269,"level":20,"msg":"Processed: \u001b[35mimages/pasted-5.png\u001b[39m","time":"2019-11-03T10:32:40.636Z","v":0}
{"name":"hexo","hostname":"instance-aazbimhg","pid":23269,"level":20,"msg":"Processed: \u001b[35mlayout/_partial/article.ejs\u001b[39m","time":"2019-11-03T10:32:40.684Z","v":0}
{"name":"hexo","hostname":"instance-aazbimhg","pid":23269,"level":20,"msg":"Processed: \u001b[35mlayout/_partial/article_copyright.ejs\u001b[39m","time":"2019-11-03T10:32:40.684Z","v":0}
{"name":"hexo","hostname":"instance-aazbimhg","pid":23269,"level":20,"msg":"Processed: \u001b[35mlayout/_partial/comment.ejs\u001b[39m","time":"2019-11-03T10:32:40.684Z","v":0}
{"name":"hexo","hostname":"instance-aazbimhg","pid":23269,"level":20,"msg":"Processed: \u001b[35mlayout/_partial/copyright.ejs\u001b[39m","time":"2019-11-03T10:32:40.684Z","v":0}
{"name":"hexo","hostname":"instance-aazbimhg","pid":23269,"level":20,"msg":"Processed: \u001b[35mlayout/_partial/dashang.ejs\u001b[39m","time":"2019-11-03T10:32:40.684Z","v":0}
{"name":"hexo","hostname":"instance-aazbimhg","pid":23269,"level":20,"msg":"Processed: \u001b[35mlayout/_partial/footer.ejs\u001b[39m","time":"2019-11-03T10:32:40.684Z","v":0}
{"name":"hexo","hostname":"instance-aazbimhg","pid":23269,"level":20,"msg":"Processed: \u001b[35mlayout/_partial/friends.ejs\u001b[39m","time":"2019-11-03T10:32:40.684Z","v":0}
{"name":"hexo","hostname":"instance-aazbimhg","pid":23269,"level":20,"msg":"Processed: \u001b[35mlayout/_partial/full-toc.ejs\u001b[39m","time":"2019-11-03T10:32:40.685Z","v":0}
{"name":"hexo","hostname":"instance-aazbimhg","pid":23269,"level":20,"msg":"Processed: \u001b[35mlayout/_partial/header.ejs\u001b[39m","time":"2019-11-03T10:32:40.685Z","v":0}
{"name":"hexo","hostname":"instance-aazbimhg","pid":23269,"level":20,"msg":"Processed: \u001b[35mlayout/_partial/mathjax.ejs\u001b[39m","time":"2019-11-03T10:32:40.685Z","v":0}
{"name":"hexo","hostname":"instance-aazbimhg","pid":23269,"level":20,"msg":"Processed: \u001b[35mlayout/_partial/meta.ejs\u001b[39m","time":"2019-11-03T10:32:40.685Z","v":0}
{"name":"hexo","hostname":"instance-aazbimhg","pid":23269,"level":20,"msg":"Processed: \u001b[35mlayout/_partial/nav-left.ejs\u001b[39m","time":"2019-11-03T10:32:40.685Z","v":0}
{"name":"hexo","hostname":"instance-aazbimhg","pid":23269,"level":20,"msg":"Processed: \u001b[35mlayout/_partial/nav-right.ejs\u001b[39m","time":"2019-11-03T10:32:40.685Z","v":0}
{"name":"hexo","hostname":"instance-aazbimhg","pid":23269,"level":20,"msg":"Processed: \u001b[35mlayout/_partial/tag.ejs\u001b[39m","time":"2019-11-03T10:32:40.685Z","v":0}
{"name":"hexo","hostname":"instance-aazbimhg","pid":23269,"level":20,"msg":"Processed: \u001b[35mlayout/_partial/toc-ref.ejs\u001b[39m","time":"2019-11-03T10:32:40.685Z","v":0}
{"name":"hexo","hostname":"instance-aazbimhg","pid":23269,"level":20,"msg":"Processed: \u001b[35msource/js/gitalk.js\u001b[39m","time":"2019-11-03T10:32:40.691Z","v":0}
{"name":"hexo","hostname":"instance-aazbimhg","pid":23269,"level":20,"msg":"Processed: \u001b[35mlayout/_partial/comments/click2show.ejs\u001b[39m","time":"2019-11-03T10:32:40.695Z","v":0}
{"name":"hexo","hostname":"instance-aazbimhg","pid":23269,"level":20,"msg":"Processed: \u001b[35mlayout/_partial/comments/disqus.ejs\u001b[39m","time":"2019-11-03T10:32:40.695Z","v":0}
{"name":"hexo","hostname":"instance-aazbimhg","pid":23269,"level":20,"msg":"Processed: \u001b[35mlayout/_partial/comments/gentie.ejs\u001b[39m","time":"2019-11-03T10:32:40.695Z","v":0}
{"name":"hexo","hostname":"instance-aazbimhg","pid":23269,"level":20,"msg":"Processed: \u001b[35mlayout/_partial/comments/gitalk.ejs\u001b[39m","time":"2019-11-03T10:32:40.695Z","v":0}
{"name":"hexo","hostname":"instance-aazbimhg","pid":23269,"level":20,"msg":"Processed: \u001b[35mlayout/_partial/comments/gitment.ejs\u001b[39m","time":"2019-11-03T10:32:40.695Z","v":0}
{"name":"hexo","hostname":"instance-aazbimhg","pid":23269,"level":20,"msg":"Processed: \u001b[35msource/img/5d3521411f3f169375.png\u001b[39m","time":"2019-11-03T10:32:40.699Z","v":0}
{"name":"hexo","hostname":"instance-aazbimhg","pid":23269,"level":20,"msg":"Rendering post: \u001b[35m/etc/nginx/html/note/source/_posts/Hexo admin 自动发布文章.md\u001b[39m","time":"2019-11-03T10:32:40.758Z","v":0}
{"name":"hexo","hostname":"instance-aazbimhg","pid":23269,"level":20,"msg":"Rendering post: \u001b[35m/etc/nginx/html/note/source/_posts/Hexo搭建个人博客.md\u001b[39m","time":"2019-11-03T10:32:40.762Z","v":0}
{"name":"hexo","hostname":"instance-aazbimhg","pid":23269,"level":20,"msg":"Rendering post: \u001b[35m/etc/nginx/html/note/source/_posts/hexo-admin安装使用.md\u001b[39m","time":"2019-11-03T10:32:40.762Z","v":0}
{"name":"hexo","hostname":"instance-aazbimhg","pid":23269,"level":20,"msg":"Rendering post: \u001b[35m/etc/nginx/html/note/source/_posts/hexo-通过hexo-admin进行全自动发布文章，能在线拷贝图片，实时查看效果，更加优雅！！！完成hexo-g-d-，彻底脱离命令行操作！！！！.md\u001b[39m","time":"2019-11-03T10:32:40.762Z","v":0}
{"name":"hexo","hostname":"instance-aazbimhg","pid":23269,"level":20,"msg":"Rendering post: \u001b[35m/etc/nginx/html/note/source/_posts/hexo主题之hexo-theme-yilia-plus.md\u001b[39m","time":"2019-11-03T10:32:40.763Z","v":0}
{"name":"hexo","hostname":"instance-aazbimhg","pid":23269,"level":20,"msg":"Rendering post: \u001b[35m/etc/nginx/html/note/source/_posts/从零开始创建一个属于技术宅的产品-万站联盟接入-知识铺.md\u001b[39m","time":"2019-11-03T10:32:40.763Z","v":0}
{"name":"hexo","hostname":"instance-aazbimhg","pid":23269,"level":20,"msg":"Rendering post: \u001b[35m/etc/nginx/html/note/source/_posts/从零开始创建一个属于技术宅的产品，万站联盟-知识铺.md\u001b[39m","time":"2019-11-03T10:32:40.763Z","v":0}
{"name":"hexo","hostname":"instance-aazbimhg","pid":23269,"level":20,"msg":"Rendering post: \u001b[35m/etc/nginx/html/note/source/_posts/从零开始创建一个属于程序员的网站，第一个个人博客-知识铺.md\u001b[39m","time":"2019-11-03T10:32:40.763Z","v":0}
{"name":"hexo","hostname":"instance-aazbimhg","pid":23269,"level":20,"msg":"Rendering post: \u001b[35m/etc/nginx/html/note/source/_posts/从零开始创建一个漂亮的todo-第一版-知识铺.md\u001b[39m","time":"2019-11-03T10:32:40.763Z","v":0}
{"name":"hexo","hostname":"instance-aazbimhg","pid":23269,"level":20,"msg":"Rendering post: \u001b[35m/etc/nginx/html/note/source/_posts/如何优雅地发布Hexo博客.md\u001b[39m","time":"2019-11-03T10:32:40.763Z","v":0}
{"name":"hexo","hostname":"instance-aazbimhg","pid":23269,"level":20,"msg":"Generator: \u001b[35mpage\u001b[39m","time":"2019-11-03T10:32:41.227Z","v":0}
{"name":"hexo","hostname":"instance-aazbimhg","pid":23269,"level":20,"msg":"Generator: \u001b[35mpost\u001b[39m","time":"2019-11-03T10:32:41.227Z","v":0}
{"name":"hexo","hostname":"instance-aazbimhg","pid":23269,"level":20,"msg":"Generator: \u001b[35marchive\u001b[39m","time":"2019-11-03T10:32:41.228Z","v":0}
{"name":"hexo","hostname":"instance-aazbimhg","pid":23269,"level":20,"msg":"Generator: \u001b[35mbaidusitemap\u001b[39m","time":"2019-11-03T10:32:41.228Z","v":0}
{"name":"hexo","hostname":"instance-aazbimhg","pid":23269,"level":20,"msg":"Generator: \u001b[35mcategory\u001b[39m","time":"2019-11-03T10:32:41.228Z","v":0}
{"name":"hexo","hostname":"instance-aazbimhg","pid":23269,"level":20,"msg":"Generator: \u001b[35mindex\u001b[39m","time":"2019-11-03T10:32:41.228Z","v":0}
{"name":"hexo","hostname":"instance-aazbimhg","pid":23269,"level":20,"msg":"Generator: \u001b[35msitemap\u001b[39m","time":"2019-11-03T10:32:41.228Z","v":0}
{"name":"hexo","hostname":"instance-aazbimhg","pid":23269,"level":20,"msg":"Generator: \u001b[35mtag\u001b[39m","time":"2019-11-03T10:32:41.228Z","v":0}
{"name":"hexo","hostname":"instance-aazbimhg","pid":23269,"level":20,"msg":"Generator: \u001b[35masset\u001b[39m","time":"2019-11-03T10:32:41.238Z","v":0}
{"name":"hexo","hostname":"instance-aazbimhg","pid":23269,"level":30,"msg":"Files loaded in \u001b[36m971 ms\u001b[39m","time":"2019-11-03T10:32:41.310Z","v":0}
{"name":"hexo","hostname":"instance-aazbimhg","pid":23269,"level":20,"msg":"Rendering HTML post: \u001b[35m2019/11/03/从零开始创建一个漂亮的todo-第一版-知识铺/index.html\u001b[39m","time":"2019-11-03T10:32:41.382Z","v":0}
{"name":"hexo","hostname":"instance-aazbimhg","pid":23269,"level":20,"msg":"Rendering HTML post: \u001b[35m2019/11/03/从零开始创建一个属于技术宅的产品-万站联盟接入-知识铺/index.html\u001b[39m","time":"2019-11-03T10:32:41.520Z","v":0}
{"name":"hexo","hostname":"instance-aazbimhg","pid":23269,"level":20,"msg":"Rendering HTML post: \u001b[35m2019/11/03/从零开始创建一个属于技术宅的产品，万站联盟-知识铺/index.html\u001b[39m","time":"2019-11-03T10:32:41.622Z","v":0}
{"name":"hexo","hostname":"instance-aazbimhg","pid":23269,"level":20,"msg":"Rendering HTML post: \u001b[35m2019/11/03/从零开始创建一个属于程序员的网站，第一个个人博客-知识铺/index.html\u001b[39m","time":"2019-11-03T10:32:41.676Z","v":0}
{"name":"hexo","hostname":"instance-aazbimhg","pid":23269,"level":20,"msg":"Rendering HTML post: \u001b[35m2019/11/03/hexo-通过hexo-admin进行全自动发布文章，能在线拷贝图片，实时查看效果，更加优雅！！！完成hexo-g-d-，彻底脱离命令行操作！！！！/index.html\u001b[39m","time":"2019-11-03T10:32:41.757Z","v":0}
{"name":"hexo","hostname":"instance-aazbimhg","pid":23269,"level":20,"msg":"Rendering HTML post: \u001b[35m2019/11/03/Hexo admin 自动发布文章/index.html\u001b[39m","time":"2019-11-03T10:32:41.786Z","v":0}
{"name":"hexo","hostname":"instance-aazbimhg","pid":23269,"level":20,"msg":"Rendering HTML post: \u001b[35m2019/11/03/hexo-admin安装使用/index.html\u001b[39m","time":"2019-11-03T10:32:41.836Z","v":0}
{"name":"hexo","hostname":"instance-aazbimhg","pid":23269,"level":20,"msg":"Rendering HTML post: \u001b[35m2019/11/03/Hexo搭建个人博客/index.html\u001b[39m","time":"2019-11-03T10:32:41.885Z","v":0}
{"name":"hexo","hostname":"instance-aazbimhg","pid":23269,"level":20,"msg":"Rendering HTML post: \u001b[35m2019/11/03/hexo主题之hexo-theme-yilia-plus/index.html\u001b[39m","time":"2019-11-03T10:32:42.037Z","v":0}
{"name":"hexo","hostname":"instance-aazbimhg","pid":23269,"level":20,"msg":"Rendering HTML post: \u001b[35m2019/11/03/如何优雅地发布Hexo博客/index.html\u001b[39m","time":"2019-11-03T10:32:42.149Z","v":0}
{"name":"hexo","hostname":"instance-aazbimhg","pid":23269,"level":20,"msg":"Rendering HTML index: \u001b[35marchives/index.html\u001b[39m","time":"2019-11-03T10:32:42.176Z","v":0}
{"name":"hexo","hostname":"instance-aazbimhg","pid":23269,"level":20,"msg":"Rendering HTML index: \u001b[35marchives/2019/index.html\u001b[39m","time":"2019-11-03T10:32:42.196Z","v":0}
{"name":"hexo","hostname":"instance-aazbimhg","pid":23269,"level":20,"msg":"Rendering HTML index: \u001b[35marchives/2019/11/index.html\u001b[39m","time":"2019-11-03T10:32:42.218Z","v":0}
{"name":"hexo","hostname":"instance-aazbimhg","pid":23269,"level":20,"msg":"Rendering HTML index: \u001b[35mcategories/hexo/index.html\u001b[39m","time":"2019-11-03T10:32:42.233Z","v":0}
{"name":"hexo","hostname":"instance-aazbimhg","pid":23269,"level":20,"msg":"Rendering HTML index: \u001b[35mcategories/hexo/个人建站/index.html\u001b[39m","time":"2019-11-03T10:32:42.260Z","v":0}
{"name":"hexo","hostname":"instance-aazbimhg","pid":23269,"level":20,"msg":"Rendering HTML index: \u001b[35mindex.html\u001b[39m","time":"2019-11-03T10:32:42.275Z","v":0}
{"name":"hexo","hostname":"instance-aazbimhg","pid":23269,"level":20,"msg":"Rendering HTML index: \u001b[35mtags/hexo/index.html\u001b[39m","time":"2019-11-03T10:32:42.294Z","v":0}
{"name":"hexo","hostname":"instance-aazbimhg","pid":23269,"level":20,"msg":"Rendering HTML index: \u001b[35mtags/个人博客/index.html\u001b[39m","time":"2019-11-03T10:32:42.314Z","v":0}
{"name":"hexo","hostname":"instance-aazbimhg","pid":23269,"level":30,"msg":"Generated: \u001b[35mbaidusitemap.xml\u001b[39m","time":"2019-11-03T10:32:43.368Z","v":0}
{"name":"hexo","hostname":"instance-aazbimhg","pid":23269,"level":30,"msg":"Generated: \u001b[35msitemap.xml\u001b[39m","time":"2019-11-03T10:32:43.368Z","v":0}
{"name":"hexo","hostname":"instance-aazbimhg","pid":23269,"level":30,"msg":"Generated: \u001b[35m2019/11/03/从零开始创建一个漂亮的todo-第一版-知识铺/index.html\u001b[39m","time":"2019-11-03T10:32:43.704Z","v":0}
{"name":"hexo","hostname":"instance-aazbimhg","pid":23269,"level":30,"msg":"Generated: \u001b[35m2019/11/03/从零开始创建一个属于技术宅的产品-万站联盟接入-知识铺/index.html\u001b[39m","time":"2019-11-03T10:32:43.704Z","v":0}
{"name":"hexo","hostname":"instance-aazbimhg","pid":23269,"level":30,"msg":"Generated: \u001b[35m2019/11/03/从零开始创建一个属于技术宅的产品，万站联盟-知识铺/index.html\u001b[39m","time":"2019-11-03T10:32:43.704Z","v":0}
{"name":"hexo","hostname":"instance-aazbimhg","pid":23269,"level":30,"msg":"Generated: \u001b[35m2019/11/03/从零开始创建一个属于程序员的网站，第一个个人博客-知识铺/index.html\u001b[39m","time":"2019-11-03T10:32:43.705Z","v":0}
{"name":"hexo","hostname":"instance-aazbimhg","pid":23269,"level":30,"msg":"Generated: \u001b[35m2019/11/03/hexo-通过hexo-admin进行全自动发布文章，能在线拷贝图片，实时查看效果，更加优雅！！！完成hexo-g-d-，彻底脱离命令行操作！！！！/index.html\u001b[39m","time":"2019-11-03T10:32:43.705Z","v":0}
{"name":"hexo","hostname":"instance-aazbimhg","pid":23269,"level":30,"msg":"Generated: \u001b[35m2019/11/03/Hexo admin 自动发布文章/index.html\u001b[39m","time":"2019-11-03T10:32:43.705Z","v":0}
{"name":"hexo","hostname":"instance-aazbimhg","pid":23269,"level":30,"msg":"Generated: \u001b[35m2019/11/03/hexo-admin安装使用/index.html\u001b[39m","time":"2019-11-03T10:32:43.705Z","v":0}
{"name":"hexo","hostname":"instance-aazbimhg","pid":23269,"level":30,"msg":"Generated: \u001b[35m2019/11/03/Hexo搭建个人博客/index.html\u001b[39m","time":"2019-11-03T10:32:43.705Z","v":0}
{"name":"hexo","hostname":"instance-aazbimhg","pid":23269,"level":30,"msg":"Generated: \u001b[35m2019/11/03/hexo主题之hexo-theme-yilia-plus/index.html\u001b[39m","time":"2019-11-03T10:32:43.705Z","v":0}
{"name":"hexo","hostname":"instance-aazbimhg","pid":23269,"level":30,"msg":"Generated: \u001b[35m2019/11/03/如何优雅地发布Hexo博客/index.html\u001b[39m","time":"2019-11-03T10:32:43.705Z","v":0}
{"name":"hexo","hostname":"instance-aazbimhg","pid":23269,"level":30,"msg":"Generated: \u001b[35marchives/index.html\u001b[39m","time":"2019-11-03T10:32:43.705Z","v":0}
{"name":"hexo","hostname":"instance-aazbimhg","pid":23269,"level":30,"msg":"Generated: \u001b[35marchives/2019/index.html\u001b[39m","time":"2019-11-03T10:32:43.705Z","v":0}
{"name":"hexo","hostname":"instance-aazbimhg","pid":23269,"level":30,"msg":"Generated: \u001b[35marchives/2019/11/index.html\u001b[39m","time":"2019-11-03T10:32:43.705Z","v":0}
{"name":"hexo","hostname":"instance-aazbimhg","pid":23269,"level":30,"msg":"Generated: \u001b[35mcategories/hexo/index.html\u001b[39m","time":"2019-11-03T10:32:43.705Z","v":0}
{"name":"hexo","hostname":"instance-aazbimhg","pid":23269,"level":30,"msg":"Generated: \u001b[35mcategories/hexo/个人建站/index.html\u001b[39m","time":"2019-11-03T10:32:43.706Z","v":0}
{"name":"hexo","hostname":"instance-aazbimhg","pid":23269,"level":30,"msg":"Generated: \u001b[35mindex.html\u001b[39m","time":"2019-11-03T10:32:43.706Z","v":0}
{"name":"hexo","hostname":"instance-aazbimhg","pid":23269,"level":30,"msg":"Generated: \u001b[35mtags/hexo/index.html\u001b[39m","time":"2019-11-03T10:32:43.706Z","v":0}
{"name":"hexo","hostname":"instance-aazbimhg","pid":23269,"level":30,"msg":"Generated: \u001b[35mtags/个人博客/index.html\u001b[39m","time":"2019-11-03T10:32:43.706Z","v":0}
{"name":"hexo","hostname":"instance-aazbimhg","pid":23269,"level":30,"msg":"Generated: \u001b[35mrobot.txt\u001b[39m","time":"2019-11-03T10:32:43.773Z","v":0}
{"name":"hexo","hostname":"instance-aazbimhg","pid":23269,"level":30,"msg":"Generated: \u001b[35mimages/pasted-0.png\u001b[39m","time":"2019-11-03T10:32:43.774Z","v":0}
{"name":"hexo","hostname":"instance-aazbimhg","pid":23269,"level":30,"msg":"Generated: \u001b[35mimages/pasted-10.png\u001b[39m","time":"2019-11-03T10:32:43.774Z","v":0}
{"name":"hexo","hostname":"instance-aazbimhg","pid":23269,"level":30,"msg":"Generated: \u001b[35mimages/pasted-11.png\u001b[39m","time":"2019-11-03T10:32:43.774Z","v":0}
{"name":"hexo","hostname":"instance-aazbimhg","pid":23269,"level":30,"msg":"Generated: \u001b[35mimages/pasted-12.png\u001b[39m","time":"2019-11-03T10:32:43.774Z","v":0}
{"name":"hexo","hostname":"instance-aazbimhg","pid":23269,"level":30,"msg":"Generated: \u001b[35mimages/pasted-13.png\u001b[39m","time":"2019-11-03T10:32:43.774Z","v":0}
{"name":"hexo","hostname":"instance-aazbimhg","pid":23269,"level":30,"msg":"Generated: \u001b[35mimages/pasted-14.png\u001b[39m","time":"2019-11-03T10:32:43.774Z","v":0}
{"name":"hexo","hostname":"instance-aazbimhg","pid":23269,"level":30,"msg":"Generated: \u001b[35mimages/pasted-15.png\u001b[39m","time":"2019-11-03T10:32:43.774Z","v":0}
{"name":"hexo","hostname":"instance-aazbimhg","pid":23269,"level":30,"msg":"Generated: \u001b[35mimages/pasted-16.png\u001b[39m","time":"2019-11-03T10:32:43.774Z","v":0}
{"name":"hexo","hostname":"instance-aazbimhg","pid":23269,"level":30,"msg":"Generated: \u001b[35mimages/pasted-17.png\u001b[39m","time":"2019-11-03T10:32:43.775Z","v":0}
{"name":"hexo","hostname":"instance-aazbimhg","pid":23269,"level":30,"msg":"Generated: \u001b[35mimages/pasted-18.png\u001b[39m","time":"2019-11-03T10:32:43.775Z","v":0}
{"name":"hexo","hostname":"instance-aazbimhg","pid":23269,"level":30,"msg":"Generated: \u001b[35mimages/pasted-19.png\u001b[39m","time":"2019-11-03T10:32:43.775Z","v":0}
{"name":"hexo","hostname":"instance-aazbimhg","pid":23269,"level":30,"msg":"Generated: \u001b[35mnote/images/pasted-0.png\u001b[39m","time":"2019-11-03T10:32:43.775Z","v":0}
{"name":"hexo","hostname":"instance-aazbimhg","pid":23269,"level":30,"msg":"Generated: \u001b[35mimg/avatar.jpg\u001b[39m","time":"2019-11-03T10:32:43.778Z","v":0}
{"name":"hexo","hostname":"instance-aazbimhg","pid":23269,"level":30,"msg":"Generated: \u001b[35mimg/brown-papersq.png\u001b[39m","time":"2019-11-03T10:32:43.778Z","v":0}
{"name":"hexo","hostname":"instance-aazbimhg","pid":23269,"level":30,"msg":"Generated: \u001b[35mimg/school-book.png\u001b[39m","time":"2019-11-03T10:32:43.778Z","v":0}
{"name":"hexo","hostname":"instance-aazbimhg","pid":23269,"level":30,"msg":"Generated: \u001b[35mcss/fonts/icomoon.eot\u001b[39m","time":"2019-11-03T10:32:43.778Z","v":0}
{"name":"hexo","hostname":"instance-aazbimhg","pid":23269,"level":30,"msg":"Generated: \u001b[35mcss/fonts/icomoon.svg\u001b[39m","time":"2019-11-03T10:32:43.779Z","v":0}
{"name":"hexo","hostname":"instance-aazbimhg","pid":23269,"level":30,"msg":"Generated: \u001b[35mcss/fonts/icomoon.ttf\u001b[39m","time":"2019-11-03T10:32:43.779Z","v":0}
{"name":"hexo","hostname":"instance-aazbimhg","pid":23269,"level":30,"msg":"Generated: \u001b[35mcss/fonts/iconfont.eot\u001b[39m","time":"2019-11-03T10:32:43.813Z","v":0}
{"name":"hexo","hostname":"instance-aazbimhg","pid":23269,"level":30,"msg":"Generated: \u001b[35mcss/fonts/iconfont.svg\u001b[39m","time":"2019-11-03T10:32:43.814Z","v":0}
{"name":"hexo","hostname":"instance-aazbimhg","pid":23269,"level":30,"msg":"Generated: \u001b[35mcss/fonts/iconfont.ttf\u001b[39m","time":"2019-11-03T10:32:43.814Z","v":0}
{"name":"hexo","hostname":"instance-aazbimhg","pid":23269,"level":30,"msg":"Generated: \u001b[35mcss/fonts/iconfont.woff\u001b[39m","time":"2019-11-03T10:32:43.814Z","v":0}
{"name":"hexo","hostname":"instance-aazbimhg","pid":23269,"level":30,"msg":"Generated: \u001b[35mimages/pasted-6.png\u001b[39m","time":"2019-11-03T10:32:43.814Z","v":0}
{"name":"hexo","hostname":"instance-aazbimhg","pid":23269,"level":30,"msg":"Generated: \u001b[35mimages/pasted-1.png\u001b[39m","time":"2019-11-03T10:32:43.814Z","v":0}
{"name":"hexo","hostname":"instance-aazbimhg","pid":23269,"level":30,"msg":"Generated: \u001b[35mimages/pasted-8.png\u001b[39m","time":"2019-11-03T10:32:43.814Z","v":0}
{"name":"hexo","hostname":"instance-aazbimhg","pid":23269,"level":30,"msg":"Generated: \u001b[35mimg/article-list-background.jpeg\u001b[39m","time":"2019-11-03T10:32:43.815Z","v":0}
{"name":"hexo","hostname":"instance-aazbimhg","pid":23269,"level":30,"msg":"Generated: \u001b[35mimg/alipay.jpg\u001b[39m","time":"2019-11-03T10:32:43.815Z","v":0}
{"name":"hexo","hostname":"instance-aazbimhg","pid":23269,"level":30,"msg":"Generated: \u001b[35mimg/weixin.jpg\u001b[39m","time":"2019-11-03T10:32:43.815Z","v":0}
{"name":"hexo","hostname":"instance-aazbimhg","pid":23269,"level":30,"msg":"Generated: \u001b[35mcss/fonts/icomoon.woff\u001b[39m","time":"2019-11-03T10:32:43.815Z","v":0}
{"name":"hexo","hostname":"instance-aazbimhg","pid":23269,"level":30,"msg":"Generated: \u001b[35mcss/mobile.css\u001b[39m","time":"2019-11-03T10:32:43.816Z","v":0}
{"name":"hexo","hostname":"instance-aazbimhg","pid":23269,"level":30,"msg":"Generated: \u001b[35mjs/jquery.autocomplete.min.js\u001b[39m","time":"2019-11-03T10:32:43.816Z","v":0}
{"name":"hexo","hostname":"instance-aazbimhg","pid":23269,"level":30,"msg":"Generated: \u001b[35mjs/search.js\u001b[39m","time":"2019-11-03T10:32:43.816Z","v":0}
{"name":"hexo","hostname":"instance-aazbimhg","pid":23269,"level":30,"msg":"Generated: \u001b[35mcss/gitalk.css\u001b[39m","time":"2019-11-03T10:32:43.816Z","v":0}
{"name":"hexo","hostname":"instance-aazbimhg","pid":23269,"level":30,"msg":"Generated: \u001b[35mcss/style.css\u001b[39m","time":"2019-11-03T10:32:43.816Z","v":0}
{"name":"hexo","hostname":"instance-aazbimhg","pid":23269,"level":30,"msg":"Generated: \u001b[35mjs/iconfont.js\u001b[39m","time":"2019-11-03T10:32:43.817Z","v":0}
{"name":"hexo","hostname":"instance-aazbimhg","pid":23269,"level":30,"msg":"Generated: \u001b[35mjs/jquery.pjax.js\u001b[39m","time":"2019-11-03T10:32:43.817Z","v":0}
{"name":"hexo","hostname":"instance-aazbimhg","pid":23269,"level":30,"msg":"Generated: \u001b[35mjs/script.js\u001b[39m","time":"2019-11-03T10:32:43.817Z","v":0}
{"name":"hexo","hostname":"instance-aazbimhg","pid":23269,"level":30,"msg":"Generated: \u001b[35mcss/hl_theme/atom-dark.css\u001b[39m","time":"2019-11-03T10:32:43.822Z","v":0}
{"name":"hexo","hostname":"instance-aazbimhg","pid":23269,"level":30,"msg":"Generated: \u001b[35mcss/hl_theme/atom-light.css\u001b[39m","time":"2019-11-03T10:32:43.822Z","v":0}
{"name":"hexo","hostname":"instance-aazbimhg","pid":23269,"level":30,"msg":"Generated: \u001b[35mcss/hl_theme/brown-paper.css\u001b[39m","time":"2019-11-03T10:32:43.822Z","v":0}
{"name":"hexo","hostname":"instance-aazbimhg","pid":23269,"level":30,"msg":"Generated: \u001b[35mcss/hl_theme/darcula.css\u001b[39m","time":"2019-11-03T10:32:43.822Z","v":0}
{"name":"hexo","hostname":"instance-aazbimhg","pid":23269,"level":30,"msg":"Generated: \u001b[35mcss/hl_theme/github-gist.css\u001b[39m","time":"2019-11-03T10:32:43.822Z","v":0}
{"name":"hexo","hostname":"instance-aazbimhg","pid":23269,"level":30,"msg":"Generated: \u001b[35mcss/hl_theme/github.css\u001b[39m","time":"2019-11-03T10:32:43.822Z","v":0}
{"name":"hexo","hostname":"instance-aazbimhg","pid":23269,"level":30,"msg":"Generated: \u001b[35mcss/hl_theme/gruvbox-dark.css\u001b[39m","time":"2019-11-03T10:32:43.822Z","v":0}
{"name":"hexo","hostname":"instance-aazbimhg","pid":23269,"level":30,"msg":"Generated: \u001b[35mcss/hl_theme/gruvbox-light.css\u001b[39m","time":"2019-11-03T10:32:43.822Z","v":0}
{"name":"hexo","hostname":"instance-aazbimhg","pid":23269,"level":30,"msg":"Generated: \u001b[35mcss/hl_theme/kimbie-dark.css\u001b[39m","time":"2019-11-03T10:32:43.822Z","v":0}
{"name":"hexo","hostname":"instance-aazbimhg","pid":23269,"level":30,"msg":"Generated: \u001b[35mcss/hl_theme/kimbie-light.css\u001b[39m","time":"2019-11-03T10:32:43.823Z","v":0}
{"name":"hexo","hostname":"instance-aazbimhg","pid":23269,"level":30,"msg":"Generated: \u001b[35mcss/hl_theme/railscasts.css\u001b[39m","time":"2019-11-03T10:32:43.823Z","v":0}
{"name":"hexo","hostname":"instance-aazbimhg","pid":23269,"level":30,"msg":"Generated: \u001b[35mcss/hl_theme/rainbow.css\u001b[39m","time":"2019-11-03T10:32:43.823Z","v":0}
{"name":"hexo","hostname":"instance-aazbimhg","pid":23269,"level":30,"msg":"Generated: \u001b[35mcss/hl_theme/school-book.css\u001b[39m","time":"2019-11-03T10:32:43.823Z","v":0}
{"name":"hexo","hostname":"instance-aazbimhg","pid":23269,"level":30,"msg":"Generated: \u001b[35mcss/hl_theme/sublime.css\u001b[39m","time":"2019-11-03T10:32:43.823Z","v":0}
{"name":"hexo","hostname":"instance-aazbimhg","pid":23269,"level":30,"msg":"Generated: \u001b[35mcss/hl_theme/sunburst.css\u001b[39m","time":"2019-11-03T10:32:43.823Z","v":0}
{"name":"hexo","hostname":"instance-aazbimhg","pid":23269,"level":30,"msg":"Generated: \u001b[35mcss/hl_theme/zenbum.css\u001b[39m","time":"2019-11-03T10:32:43.823Z","v":0}
{"name":"hexo","hostname":"instance-aazbimhg","pid":23269,"level":30,"msg":"Generated: \u001b[35mcss/fonts/selection.json\u001b[39m","time":"2019-11-03T10:32:43.823Z","v":0}
{"name":"hexo","hostname":"instance-aazbimhg","pid":23269,"level":30,"msg":"Generated: \u001b[35mjs/gitment.js\u001b[39m","time":"2019-11-03T10:32:43.823Z","v":0}
{"name":"hexo","hostname":"instance-aazbimhg","pid":23269,"level":30,"msg":"Generated: \u001b[35mjs/gitalk.js\u001b[39m","time":"2019-11-03T10:32:43.823Z","v":0}
{"name":"hexo","hostname":"instance-aazbimhg","pid":23269,"level":30,"msg":"Generated: \u001b[35mimages/pasted-4.png\u001b[39m","time":"2019-11-03T10:32:43.823Z","v":0}
{"name":"hexo","hostname":"instance-aazbimhg","pid":23269,"level":30,"msg":"Generated: \u001b[35mimages/pasted-7.png\u001b[39m","time":"2019-11-03T10:32:43.824Z","v":0}
{"name":"hexo","hostname":"instance-aazbimhg","pid":23269,"level":30,"msg":"Generated: \u001b[35mimages/pasted-3.png\u001b[39m","time":"2019-11-03T10:32:43.832Z","v":0}
{"name":"hexo","hostname":"instance-aazbimhg","pid":23269,"level":30,"msg":"Generated: \u001b[35mimages/pasted-2.png\u001b[39m","time":"2019-11-03T10:32:43.837Z","v":0}
{"name":"hexo","hostname":"instance-aazbimhg","pid":23269,"level":30,"msg":"Generated: \u001b[35mimages/pasted-9.png\u001b[39m","time":"2019-11-03T10:32:43.839Z","v":0}
{"name":"hexo","hostname":"instance-aazbimhg","pid":23269,"level":30,"msg":"Generated: \u001b[35mimages/pasted-5.png\u001b[39m","time":"2019-11-03T10:32:43.841Z","v":0}
{"name":"hexo","hostname":"instance-aazbimhg","pid":23269,"level":30,"msg":"Generated: \u001b[35mimg/5d3521411f3f169375.png\u001b[39m","time":"2019-11-03T10:32:43.843Z","v":0}
{"name":"hexo","hostname":"instance-aazbimhg","pid":23269,"level":30,"msg":"84 files generated in \u001b[36m2.53 s\u001b[39m","time":"2019-11-03T10:32:43.843Z","v":0}
{"name":"hexo","hostname":"instance-aazbimhg","pid":23269,"level":30,"msg":"Hexo is watching for file changes. Press Ctrl+C to exit.","time":"2019-11-03T10:32:43.844Z","v":0}
{"name":"hexo","hostname":"instance-aazbimhg","pid":23269,"level":20,"msg":"Database saved","time":"2019-11-03T10:32:43.882Z","v":0}
{"name":"hexo","hostname":"instance-aazbimhg","pid":23269,"level":20,"msg":"Processed: \u001b[35m_posts/从零开始创建一个漂亮的todo-第一版-知识铺.md\u001b[39m","time":"2019-11-03T10:32:54.153Z","v":0}
{"name":"hexo","hostname":"instance-aazbimhg","pid":23269,"level":20,"msg":"Rendering post: \u001b[35m/etc/nginx/html/note/source/_posts/从零开始创建一个漂亮的todo-第一版-知识铺.md\u001b[39m","time":"2019-11-03T10:32:54.260Z","v":0}
{"name":"hexo","hostname":"instance-aazbimhg","pid":23269,"level":20,"msg":"Generator: \u001b[35mpage\u001b[39m","time":"2019-11-03T10:32:54.332Z","v":0}
{"name":"hexo","hostname":"instance-aazbimhg","pid":23269,"level":20,"msg":"Generator: \u001b[35mpost\u001b[39m","time":"2019-11-03T10:32:54.333Z","v":0}
{"name":"hexo","hostname":"instance-aazbimhg","pid":23269,"level":20,"msg":"Generator: \u001b[35marchive\u001b[39m","time":"2019-11-03T10:32:54.333Z","v":0}
{"name":"hexo","hostname":"instance-aazbimhg","pid":23269,"level":20,"msg":"Generator: \u001b[35mbaidusitemap\u001b[39m","time":"2019-11-03T10:32:54.333Z","v":0}
{"name":"hexo","hostname":"instance-aazbimhg","pid":23269,"level":20,"msg":"Generator: \u001b[35mcategory\u001b[39m","time":"2019-11-03T10:32:54.333Z","v":0}
{"name":"hexo","hostname":"instance-aazbimhg","pid":23269,"level":20,"msg":"Generator: \u001b[35mindex\u001b[39m","time":"2019-11-03T10:32:54.333Z","v":0}
{"name":"hexo","hostname":"instance-aazbimhg","pid":23269,"level":20,"msg":"Generator: \u001b[35msitemap\u001b[39m","time":"2019-11-03T10:32:54.333Z","v":0}
{"name":"hexo","hostname":"instance-aazbimhg","pid":23269,"level":20,"msg":"Generator: \u001b[35mtag\u001b[39m","time":"2019-11-03T10:32:54.333Z","v":0}
{"name":"hexo","hostname":"instance-aazbimhg","pid":23269,"level":20,"msg":"Generator: \u001b[35masset\u001b[39m","time":"2019-11-03T10:32:54.358Z","v":0}
{"name":"hexo","hostname":"instance-aazbimhg","pid":23269,"level":20,"msg":"Rendering HTML post: \u001b[35m2019/11/03/从零开始创建一个漂亮的todo-第一版-知识铺/index.html\u001b[39m","time":"2019-11-03T10:32:54.417Z","v":0}
{"name":"hexo","hostname":"instance-aazbimhg","pid":23269,"level":20,"msg":"Rendering HTML post: \u001b[35m2019/11/03/从零开始创建一个属于技术宅的产品-万站联盟接入-知识铺/index.html\u001b[39m","time":"2019-11-03T10:32:54.506Z","v":0}
{"name":"hexo","hostname":"instance-aazbimhg","pid":23269,"level":20,"msg":"Rendering HTML post: \u001b[35m2019/11/03/从零开始创建一个属于技术宅的产品，万站联盟-知识铺/index.html\u001b[39m","time":"2019-11-03T10:32:54.584Z","v":0}
{"name":"hexo","hostname":"instance-aazbimhg","pid":23269,"level":20,"msg":"Rendering HTML post: \u001b[35m2019/11/03/从零开始创建一个属于程序员的网站，第一个个人博客-知识铺/index.html\u001b[39m","time":"2019-11-03T10:32:54.665Z","v":0}
{"name":"hexo","hostname":"instance-aazbimhg","pid":23269,"level":20,"msg":"Rendering HTML post: \u001b[35m2019/11/03/hexo-通过hexo-admin进行全自动发布文章，能在线拷贝图片，实时查看效果，更加优雅！！！完成hexo-g-d-，彻底脱离命令行操作！！！！/index.html\u001b[39m","time":"2019-11-03T10:32:54.723Z","v":0}
{"name":"hexo","hostname":"instance-aazbimhg","pid":23269,"level":20,"msg":"Rendering HTML post: \u001b[35m2019/11/03/Hexo admin 自动发布文章/index.html\u001b[39m","time":"2019-11-03T10:32:54.804Z","v":0}
{"name":"hexo","hostname":"instance-aazbimhg","pid":23269,"level":20,"msg":"Rendering HTML post: \u001b[35m2019/11/03/hexo-admin安装使用/index.html\u001b[39m","time":"2019-11-03T10:32:54.866Z","v":0}
{"name":"hexo","hostname":"instance-aazbimhg","pid":23269,"level":20,"msg":"Rendering HTML post: \u001b[35m2019/11/03/Hexo搭建个人博客/index.html\u001b[39m","time":"2019-11-03T10:32:54.932Z","v":0}
{"name":"hexo","hostname":"instance-aazbimhg","pid":23269,"level":20,"msg":"Rendering HTML post: \u001b[35m2019/11/03/hexo主题之hexo-theme-yilia-plus/index.html\u001b[39m","time":"2019-11-03T10:32:55.080Z","v":0}
{"name":"hexo","hostname":"instance-aazbimhg","pid":23269,"level":20,"msg":"Rendering HTML post: \u001b[35m2019/11/03/如何优雅地发布Hexo博客/index.html\u001b[39m","time":"2019-11-03T10:32:55.171Z","v":0}
{"name":"hexo","hostname":"instance-aazbimhg","pid":23269,"level":20,"msg":"Rendering HTML index: \u001b[35marchives/index.html\u001b[39m","time":"2019-11-03T10:32:55.277Z","v":0}
{"name":"hexo","hostname":"instance-aazbimhg","pid":23269,"level":20,"msg":"Rendering HTML index: \u001b[35marchives/2019/index.html\u001b[39m","time":"2019-11-03T10:32:55.347Z","v":0}
{"name":"hexo","hostname":"instance-aazbimhg","pid":23269,"level":20,"msg":"Rendering HTML index: \u001b[35marchives/2019/11/index.html\u001b[39m","time":"2019-11-03T10:32:55.397Z","v":0}
{"name":"hexo","hostname":"instance-aazbimhg","pid":23269,"level":20,"msg":"Rendering HTML index: \u001b[35mcategories/hexo/index.html\u001b[39m","time":"2019-11-03T10:32:55.437Z","v":0}
{"name":"hexo","hostname":"instance-aazbimhg","pid":23269,"level":20,"msg":"Rendering HTML index: \u001b[35mcategories/hexo/个人建站/index.html\u001b[39m","time":"2019-11-03T10:32:55.524Z","v":0}
{"name":"hexo","hostname":"instance-aazbimhg","pid":23269,"level":20,"msg":"Rendering HTML index: \u001b[35mindex.html\u001b[39m","time":"2019-11-03T10:32:55.553Z","v":0}
{"name":"hexo","hostname":"instance-aazbimhg","pid":23269,"level":20,"msg":"Rendering HTML index: \u001b[35mtags/hexo/index.html\u001b[39m","time":"2019-11-03T10:32:55.594Z","v":0}
{"name":"hexo","hostname":"instance-aazbimhg","pid":23269,"level":20,"msg":"Rendering HTML index: \u001b[35mtags/个人博客/index.html\u001b[39m","time":"2019-11-03T10:32:55.627Z","v":0}
{"name":"hexo","hostname":"instance-aazbimhg","pid":23269,"level":30,"msg":"Generated: \u001b[35msitemap.xml\u001b[39m","time":"2019-11-03T10:32:55.985Z","v":0}
{"name":"hexo","hostname":"instance-aazbimhg","pid":23269,"level":30,"msg":"Generated: \u001b[35m2019/11/03/从零开始创建一个漂亮的todo-第一版-知识铺/index.html\u001b[39m","time":"2019-11-03T10:32:56.523Z","v":0}
{"name":"hexo","hostname":"instance-aazbimhg","pid":23269,"level":30,"msg":"Generated: \u001b[35m2019/11/03/从零开始创建一个属于技术宅的产品-万站联盟接入-知识铺/index.html\u001b[39m","time":"2019-11-03T10:32:56.524Z","v":0}
{"name":"hexo","hostname":"instance-aazbimhg","pid":23269,"level":30,"msg":"Generated: \u001b[35m2019/11/03/从零开始创建一个属于技术宅的产品，万站联盟-知识铺/index.html\u001b[39m","time":"2019-11-03T10:32:56.524Z","v":0}
{"name":"hexo","hostname":"instance-aazbimhg","pid":23269,"level":30,"msg":"Generated: \u001b[35m2019/11/03/从零开始创建一个属于程序员的网站，第一个个人博客-知识铺/index.html\u001b[39m","time":"2019-11-03T10:32:56.524Z","v":0}
{"name":"hexo","hostname":"instance-aazbimhg","pid":23269,"level":30,"msg":"Generated: \u001b[35m2019/11/03/hexo-通过hexo-admin进行全自动发布文章，能在线拷贝图片，实时查看效果，更加优雅！！！完成hexo-g-d-，彻底脱离命令行操作！！！！/index.html\u001b[39m","time":"2019-11-03T10:32:56.524Z","v":0}
{"name":"hexo","hostname":"instance-aazbimhg","pid":23269,"level":30,"msg":"Generated: \u001b[35m2019/11/03/Hexo admin 自动发布文章/index.html\u001b[39m","time":"2019-11-03T10:32:56.524Z","v":0}
{"name":"hexo","hostname":"instance-aazbimhg","pid":23269,"level":30,"msg":"Generated: \u001b[35m2019/11/03/hexo-admin安装使用/index.html\u001b[39m","time":"2019-11-03T10:32:56.524Z","v":0}
{"name":"hexo","hostname":"instance-aazbimhg","pid":23269,"level":30,"msg":"Generated: \u001b[35m2019/11/03/Hexo搭建个人博客/index.html\u001b[39m","time":"2019-11-03T10:32:56.524Z","v":0}
{"name":"hexo","hostname":"instance-aazbimhg","pid":23269,"level":30,"msg":"Generated: \u001b[35m2019/11/03/hexo主题之hexo-theme-yilia-plus/index.html\u001b[39m","time":"2019-11-03T10:32:56.525Z","v":0}
{"name":"hexo","hostname":"instance-aazbimhg","pid":23269,"level":30,"msg":"Generated: \u001b[35m2019/11/03/如何优雅地发布Hexo博客/index.html\u001b[39m","time":"2019-11-03T10:32:56.525Z","v":0}
{"name":"hexo","hostname":"instance-aazbimhg","pid":23269,"level":30,"msg":"Generated: \u001b[35marchives/index.html\u001b[39m","time":"2019-11-03T10:32:56.525Z","v":0}
{"name":"hexo","hostname":"instance-aazbimhg","pid":23269,"level":30,"msg":"Generated: \u001b[35marchives/2019/index.html\u001b[39m","time":"2019-11-03T10:32:56.525Z","v":0}
{"name":"hexo","hostname":"instance-aazbimhg","pid":23269,"level":30,"msg":"Generated: \u001b[35marchives/2019/11/index.html\u001b[39m","time":"2019-11-03T10:32:56.525Z","v":0}
{"name":"hexo","hostname":"instance-aazbimhg","pid":23269,"level":30,"msg":"Generated: \u001b[35mcategories/hexo/index.html\u001b[39m","time":"2019-11-03T10:32:56.535Z","v":0}
{"name":"hexo","hostname":"instance-aazbimhg","pid":23269,"level":30,"msg":"Generated: \u001b[35mcategories/hexo/个人建站/index.html\u001b[39m","time":"2019-11-03T10:32:56.535Z","v":0}
{"name":"hexo","hostname":"instance-aazbimhg","pid":23269,"level":30,"msg":"Generated: \u001b[35mindex.html\u001b[39m","time":"2019-11-03T10:32:56.535Z","v":0}
{"name":"hexo","hostname":"instance-aazbimhg","pid":23269,"level":30,"msg":"Generated: \u001b[35mtags/hexo/index.html\u001b[39m","time":"2019-11-03T10:32:56.535Z","v":0}
{"name":"hexo","hostname":"instance-aazbimhg","pid":23269,"level":30,"msg":"Generated: \u001b[35mtags/个人博客/index.html\u001b[39m","time":"2019-11-03T10:32:56.535Z","v":0}
{"name":"hexo","hostname":"instance-aazbimhg","pid":23269,"level":20,"msg":"Processed: \u001b[35mimages/pasted-20.png\u001b[39m","time":"2019-11-03T10:33:17.948Z","v":0}
{"name":"hexo","hostname":"instance-aazbimhg","pid":23269,"level":20,"msg":"Processed: \u001b[35mimages/pasted-20.png\u001b[39m","time":"2019-11-03T10:33:17.959Z","v":0}
{"name":"hexo","hostname":"instance-aazbimhg","pid":23269,"level":20,"msg":"Generator: \u001b[35mpage\u001b[39m","time":"2019-11-03T10:33:18.126Z","v":0}
{"name":"hexo","hostname":"instance-aazbimhg","pid":23269,"level":20,"msg":"Generator: \u001b[35mpost\u001b[39m","time":"2019-11-03T10:33:18.126Z","v":0}
{"name":"hexo","hostname":"instance-aazbimhg","pid":23269,"level":20,"msg":"Generator: \u001b[35marchive\u001b[39m","time":"2019-11-03T10:33:18.126Z","v":0}
{"name":"hexo","hostname":"instance-aazbimhg","pid":23269,"level":20,"msg":"Generator: \u001b[35mbaidusitemap\u001b[39m","time":"2019-11-03T10:33:18.126Z","v":0}
{"name":"hexo","hostname":"instance-aazbimhg","pid":23269,"level":20,"msg":"Generator: \u001b[35mcategory\u001b[39m","time":"2019-11-03T10:33:18.127Z","v":0}
{"name":"hexo","hostname":"instance-aazbimhg","pid":23269,"level":20,"msg":"Generator: \u001b[35mindex\u001b[39m","time":"2019-11-03T10:33:18.127Z","v":0}
{"name":"hexo","hostname":"instance-aazbimhg","pid":23269,"level":20,"msg":"Generator: \u001b[35msitemap\u001b[39m","time":"2019-11-03T10:33:18.127Z","v":0}
{"name":"hexo","hostname":"instance-aazbimhg","pid":23269,"level":20,"msg":"Generator: \u001b[35mtag\u001b[39m","time":"2019-11-03T10:33:18.127Z","v":0}
{"name":"hexo","hostname":"instance-aazbimhg","pid":23269,"level":20,"msg":"Generator: \u001b[35masset\u001b[39m","time":"2019-11-03T10:33:18.141Z","v":0}
{"name":"hexo","hostname":"instance-aazbimhg","pid":23269,"level":20,"msg":"Rendering HTML post: \u001b[35m2019/11/03/从零开始创建一个漂亮的todo-第一版-知识铺/index.html\u001b[39m","time":"2019-11-03T10:33:18.218Z","v":0}
{"name":"hexo","hostname":"instance-aazbimhg","pid":23269,"level":20,"msg":"Rendering HTML post: \u001b[35m2019/11/03/从零开始创建一个属于技术宅的产品-万站联盟接入-知识铺/index.html\u001b[39m","time":"2019-11-03T10:33:18.284Z","v":0}
{"name":"hexo","hostname":"instance-aazbimhg","pid":23269,"level":20,"msg":"Rendering HTML post: \u001b[35m2019/11/03/从零开始创建一个属于技术宅的产品，万站联盟-知识铺/index.html\u001b[39m","time":"2019-11-03T10:33:18.353Z","v":0}
{"name":"hexo","hostname":"instance-aazbimhg","pid":23269,"level":20,"msg":"Rendering HTML post: \u001b[35m2019/11/03/从零开始创建一个属于程序员的网站，第一个个人博客-知识铺/index.html\u001b[39m","time":"2019-11-03T10:33:18.420Z","v":0}
{"name":"hexo","hostname":"instance-aazbimhg","pid":23269,"level":20,"msg":"Rendering HTML post: \u001b[35m2019/11/03/hexo-通过hexo-admin进行全自动发布文章，能在线拷贝图片，实时查看效果，更加优雅！！！完成hexo-g-d-，彻底脱离命令行操作！！！！/index.html\u001b[39m","time":"2019-11-03T10:33:18.483Z","v":0}
{"name":"hexo","hostname":"instance-aazbimhg","pid":23269,"level":20,"msg":"Rendering HTML post: \u001b[35m2019/11/03/Hexo admin 自动发布文章/index.html\u001b[39m","time":"2019-11-03T10:33:18.533Z","v":0}
{"name":"hexo","hostname":"instance-aazbimhg","pid":23269,"level":20,"msg":"Rendering HTML post: \u001b[35m2019/11/03/hexo-admin安装使用/index.html\u001b[39m","time":"2019-11-03T10:33:18.577Z","v":0}
{"name":"hexo","hostname":"instance-aazbimhg","pid":23269,"level":20,"msg":"Rendering HTML post: \u001b[35m2019/11/03/Hexo搭建个人博客/index.html\u001b[39m","time":"2019-11-03T10:33:18.637Z","v":0}
{"name":"hexo","hostname":"instance-aazbimhg","pid":23269,"level":20,"msg":"Rendering HTML post: \u001b[35m2019/11/03/hexo主题之hexo-theme-yilia-plus/index.html\u001b[39m","time":"2019-11-03T10:33:18.762Z","v":0}
{"name":"hexo","hostname":"instance-aazbimhg","pid":23269,"level":20,"msg":"Rendering HTML post: \u001b[35m2019/11/03/如何优雅地发布Hexo博客/index.html\u001b[39m","time":"2019-11-03T10:33:18.861Z","v":0}
{"name":"hexo","hostname":"instance-aazbimhg","pid":23269,"level":20,"msg":"Rendering HTML index: \u001b[35marchives/index.html\u001b[39m","time":"2019-11-03T10:33:18.922Z","v":0}
{"name":"hexo","hostname":"instance-aazbimhg","pid":23269,"level":20,"msg":"Rendering HTML index: \u001b[35marchives/2019/index.html\u001b[39m","time":"2019-11-03T10:33:18.984Z","v":0}
{"name":"hexo","hostname":"instance-aazbimhg","pid":23269,"level":20,"msg":"Rendering HTML index: \u001b[35marchives/2019/11/index.html\u001b[39m","time":"2019-11-03T10:33:19.290Z","v":0}
{"name":"hexo","hostname":"instance-aazbimhg","pid":23269,"level":20,"msg":"Rendering HTML index: \u001b[35mcategories/hexo/index.html\u001b[39m","time":"2019-11-03T10:33:19.360Z","v":0}
{"name":"hexo","hostname":"instance-aazbimhg","pid":23269,"level":20,"msg":"Rendering HTML index: \u001b[35mcategories/hexo/个人建站/index.html\u001b[39m","time":"2019-11-03T10:33:19.399Z","v":0}
{"name":"hexo","hostname":"instance-aazbimhg","pid":23269,"level":20,"msg":"Rendering HTML index: \u001b[35mindex.html\u001b[39m","time":"2019-11-03T10:33:19.423Z","v":0}
{"name":"hexo","hostname":"instance-aazbimhg","pid":23269,"level":20,"msg":"Rendering HTML index: \u001b[35mtags/hexo/index.html\u001b[39m","time":"2019-11-03T10:33:19.439Z","v":0}
{"name":"hexo","hostname":"instance-aazbimhg","pid":23269,"level":20,"msg":"Rendering HTML index: \u001b[35mtags/个人博客/index.html\u001b[39m","time":"2019-11-03T10:33:19.452Z","v":0}
{"name":"hexo","hostname":"instance-aazbimhg","pid":23269,"level":20,"msg":"Processed: \u001b[35m_posts/从零开始创建一个漂亮的todo-第一版-知识铺.md\u001b[39m","time":"2019-11-03T10:33:20.182Z","v":0}
{"name":"hexo","hostname":"instance-aazbimhg","pid":23269,"level":30,"msg":"Generated: \u001b[35mimages/pasted-20.png\u001b[39m","time":"2019-11-03T10:33:20.225Z","v":0}
{"name":"hexo","hostname":"instance-aazbimhg","pid":23269,"level":20,"msg":"Rendering post: \u001b[35m/etc/nginx/html/note/source/_posts/从零开始创建一个漂亮的todo-第一版-知识铺.md\u001b[39m","time":"2019-11-03T10:33:20.290Z","v":0}
{"name":"hexo","hostname":"instance-aazbimhg","pid":23269,"level":20,"msg":"Generator: \u001b[35mpage\u001b[39m","time":"2019-11-03T10:33:20.305Z","v":0}
{"name":"hexo","hostname":"instance-aazbimhg","pid":23269,"level":20,"msg":"Generator: \u001b[35mpost\u001b[39m","time":"2019-11-03T10:33:20.305Z","v":0}
{"name":"hexo","hostname":"instance-aazbimhg","pid":23269,"level":20,"msg":"Generator: \u001b[35marchive\u001b[39m","time":"2019-11-03T10:33:20.305Z","v":0}
{"name":"hexo","hostname":"instance-aazbimhg","pid":23269,"level":20,"msg":"Generator: \u001b[35mbaidusitemap\u001b[39m","time":"2019-11-03T10:33:20.306Z","v":0}
{"name":"hexo","hostname":"instance-aazbimhg","pid":23269,"level":20,"msg":"Generator: \u001b[35mcategory\u001b[39m","time":"2019-11-03T10:33:20.306Z","v":0}
{"name":"hexo","hostname":"instance-aazbimhg","pid":23269,"level":20,"msg":"Generator: \u001b[35mindex\u001b[39m","time":"2019-11-03T10:33:20.306Z","v":0}
{"name":"hexo","hostname":"instance-aazbimhg","pid":23269,"level":20,"msg":"Generator: \u001b[35msitemap\u001b[39m","time":"2019-11-03T10:33:20.306Z","v":0}
{"name":"hexo","hostname":"instance-aazbimhg","pid":23269,"level":20,"msg":"Generator: \u001b[35mtag\u001b[39m","time":"2019-11-03T10:33:20.306Z","v":0}
{"name":"hexo","hostname":"instance-aazbimhg","pid":23269,"level":20,"msg":"Generator: \u001b[35masset\u001b[39m","time":"2019-11-03T10:33:20.329Z","v":0}
{"name":"hexo","hostname":"instance-aazbimhg","pid":23269,"level":20,"msg":"Rendering HTML post: \u001b[35m2019/11/03/从零开始创建一个漂亮的todo-第一版-知识铺/index.html\u001b[39m","time":"2019-11-03T10:33:20.399Z","v":0}
{"name":"hexo","hostname":"instance-aazbimhg","pid":23269,"level":20,"msg":"Rendering HTML post: \u001b[35m2019/11/03/从零开始创建一个属于技术宅的产品-万站联盟接入-知识铺/index.html\u001b[39m","time":"2019-11-03T10:33:20.455Z","v":0}
{"name":"hexo","hostname":"instance-aazbimhg","pid":23269,"level":20,"msg":"Rendering HTML post: \u001b[35m2019/11/03/从零开始创建一个属于技术宅的产品，万站联盟-知识铺/index.html\u001b[39m","time":"2019-11-03T10:33:20.480Z","v":0}
{"name":"hexo","hostname":"instance-aazbimhg","pid":23269,"level":20,"msg":"Rendering HTML post: \u001b[35m2019/11/03/从零开始创建一个属于程序员的网站，第一个个人博客-知识铺/index.html\u001b[39m","time":"2019-11-03T10:33:20.529Z","v":0}
{"name":"hexo","hostname":"instance-aazbimhg","pid":23269,"level":20,"msg":"Rendering HTML post: \u001b[35m2019/11/03/hexo-通过hexo-admin进行全自动发布文章，能在线拷贝图片，实时查看效果，更加优雅！！！完成hexo-g-d-，彻底脱离命令行操作！！！！/index.html\u001b[39m","time":"2019-11-03T10:33:20.554Z","v":0}
{"name":"hexo","hostname":"instance-aazbimhg","pid":23269,"level":20,"msg":"Rendering HTML post: \u001b[35m2019/11/03/Hexo admin 自动发布文章/index.html\u001b[39m","time":"2019-11-03T10:33:20.572Z","v":0}
{"name":"hexo","hostname":"instance-aazbimhg","pid":23269,"level":20,"msg":"Rendering HTML post: \u001b[35m2019/11/03/hexo-admin安装使用/index.html\u001b[39m","time":"2019-11-03T10:33:20.586Z","v":0}
{"name":"hexo","hostname":"instance-aazbimhg","pid":23269,"level":20,"msg":"Rendering HTML post: \u001b[35m2019/11/03/Hexo搭建个人博客/index.html\u001b[39m","time":"2019-11-03T10:33:20.606Z","v":0}
{"name":"hexo","hostname":"instance-aazbimhg","pid":23269,"level":20,"msg":"Rendering HTML post: \u001b[35m2019/11/03/hexo主题之hexo-theme-yilia-plus/index.html\u001b[39m","time":"2019-11-03T10:33:20.665Z","v":0}
{"name":"hexo","hostname":"instance-aazbimhg","pid":23269,"level":20,"msg":"Rendering HTML post: \u001b[35m2019/11/03/如何优雅地发布Hexo博客/index.html\u001b[39m","time":"2019-11-03T10:33:20.694Z","v":0}
{"name":"hexo","hostname":"instance-aazbimhg","pid":23269,"level":20,"msg":"Rendering HTML index: \u001b[35marchives/index.html\u001b[39m","time":"2019-11-03T10:33:20.723Z","v":0}
{"name":"hexo","hostname":"instance-aazbimhg","pid":23269,"level":20,"msg":"Rendering HTML index: \u001b[35marchives/2019/index.html\u001b[39m","time":"2019-11-03T10:33:20.744Z","v":0}
{"name":"hexo","hostname":"instance-aazbimhg","pid":23269,"level":20,"msg":"Rendering HTML index: \u001b[35marchives/2019/11/index.html\u001b[39m","time":"2019-11-03T10:33:20.756Z","v":0}
{"name":"hexo","hostname":"instance-aazbimhg","pid":23269,"level":20,"msg":"Rendering HTML index: \u001b[35mcategories/hexo/index.html\u001b[39m","time":"2019-11-03T10:33:20.793Z","v":0}
{"name":"hexo","hostname":"instance-aazbimhg","pid":23269,"level":20,"msg":"Rendering HTML index: \u001b[35mcategories/hexo/个人建站/index.html\u001b[39m","time":"2019-11-03T10:33:20.814Z","v":0}
{"name":"hexo","hostname":"instance-aazbimhg","pid":23269,"level":20,"msg":"Rendering HTML index: \u001b[35mindex.html\u001b[39m","time":"2019-11-03T10:33:20.829Z","v":0}
{"name":"hexo","hostname":"instance-aazbimhg","pid":23269,"level":20,"msg":"Rendering HTML index: \u001b[35mtags/hexo/index.html\u001b[39m","time":"2019-11-03T10:33:20.855Z","v":0}
{"name":"hexo","hostname":"instance-aazbimhg","pid":23269,"level":20,"msg":"Rendering HTML index: \u001b[35mtags/个人博客/index.html\u001b[39m","time":"2019-11-03T10:33:20.872Z","v":0}
{"name":"hexo","hostname":"instance-aazbimhg","pid":23269,"level":30,"msg":"Generated: \u001b[35msitemap.xml\u001b[39m","time":"2019-11-03T10:33:21.461Z","v":0}
{"name":"hexo","hostname":"instance-aazbimhg","pid":23269,"level":30,"msg":"Generated: \u001b[35m2019/11/03/从零开始创建一个漂亮的todo-第一版-知识铺/index.html\u001b[39m","time":"2019-11-03T10:33:21.471Z","v":0}
{"name":"hexo","hostname":"instance-aazbimhg","pid":23269,"level":30,"msg":"Generated: \u001b[35m2019/11/03/从零开始创建一个属于技术宅的产品-万站联盟接入-知识铺/index.html\u001b[39m","time":"2019-11-03T10:33:21.472Z","v":0}
{"name":"hexo","hostname":"instance-aazbimhg","pid":23269,"level":30,"msg":"Generated: \u001b[35m2019/11/03/从零开始创建一个属于技术宅的产品，万站联盟-知识铺/index.html\u001b[39m","time":"2019-11-03T10:33:21.472Z","v":0}
{"name":"hexo","hostname":"instance-aazbimhg","pid":23269,"level":30,"msg":"Generated: \u001b[35m2019/11/03/从零开始创建一个属于程序员的网站，第一个个人博客-知识铺/index.html\u001b[39m","time":"2019-11-03T10:33:21.472Z","v":0}
{"name":"hexo","hostname":"instance-aazbimhg","pid":23269,"level":30,"msg":"Generated: \u001b[35m2019/11/03/hexo-通过hexo-admin进行全自动发布文章，能在线拷贝图片，实时查看效果，更加优雅！！！完成hexo-g-d-，彻底脱离命令行操作！！！！/index.html\u001b[39m","time":"2019-11-03T10:33:21.472Z","v":0}
{"name":"hexo","hostname":"instance-aazbimhg","pid":23269,"level":30,"msg":"Generated: \u001b[35m2019/11/03/Hexo admin 自动发布文章/index.html\u001b[39m","time":"2019-11-03T10:33:21.472Z","v":0}
{"name":"hexo","hostname":"instance-aazbimhg","pid":23269,"level":30,"msg":"Generated: \u001b[35m2019/11/03/hexo-admin安装使用/index.html\u001b[39m","time":"2019-11-03T10:33:21.472Z","v":0}
{"name":"hexo","hostname":"instance-aazbimhg","pid":23269,"level":30,"msg":"Generated: \u001b[35m2019/11/03/Hexo搭建个人博客/index.html\u001b[39m","time":"2019-11-03T10:33:21.473Z","v":0}
{"name":"hexo","hostname":"instance-aazbimhg","pid":23269,"level":30,"msg":"Generated: \u001b[35m2019/11/03/hexo主题之hexo-theme-yilia-plus/index.html\u001b[39m","time":"2019-11-03T10:33:21.473Z","v":0}
{"name":"hexo","hostname":"instance-aazbimhg","pid":23269,"level":30,"msg":"Generated: \u001b[35m2019/11/03/如何优雅地发布Hexo博客/index.html\u001b[39m","time":"2019-11-03T10:33:21.473Z","v":0}
{"name":"hexo","hostname":"instance-aazbimhg","pid":23269,"level":30,"msg":"Generated: \u001b[35marchives/index.html\u001b[39m","time":"2019-11-03T10:33:21.473Z","v":0}
{"name":"hexo","hostname":"instance-aazbimhg","pid":23269,"level":30,"msg":"Generated: \u001b[35marchives/2019/index.html\u001b[39m","time":"2019-11-03T10:33:21.473Z","v":0}
{"name":"hexo","hostname":"instance-aazbimhg","pid":23269,"level":30,"msg":"Generated: \u001b[35marchives/2019/11/index.html\u001b[39m","time":"2019-11-03T10:33:21.473Z","v":0}
{"name":"hexo","hostname":"instance-aazbimhg","pid":23269,"level":30,"msg":"Generated: \u001b[35mcategories/hexo/index.html\u001b[39m","time":"2019-11-03T10:33:21.473Z","v":0}
{"name":"hexo","hostname":"instance-aazbimhg","pid":23269,"level":30,"msg":"Generated: \u001b[35mcategories/hexo/个人建站/index.html\u001b[39m","time":"2019-11-03T10:33:21.473Z","v":0}
{"name":"hexo","hostname":"instance-aazbimhg","pid":23269,"level":30,"msg":"Generated: \u001b[35mindex.html\u001b[39m","time":"2019-11-03T10:33:21.474Z","v":0}
{"name":"hexo","hostname":"instance-aazbimhg","pid":23269,"level":30,"msg":"Generated: \u001b[35mtags/hexo/index.html\u001b[39m","time":"2019-11-03T10:33:21.474Z","v":0}
{"name":"hexo","hostname":"instance-aazbimhg","pid":23269,"level":30,"msg":"Generated: \u001b[35mtags/个人博客/index.html\u001b[39m","time":"2019-11-03T10:33:21.474Z","v":0}
{"name":"hexo","hostname":"instance-aazbimhg","pid":23269,"level":30,"msg":"Catch you later","time":"2019-11-03T10:33:51.851Z","v":0}
{"name":"hexo","hostname":"instance-aazbimhg","pid":23269,"level":20,"msg":"Database saved","time":"2019-11-03T10:33:51.895Z","v":0}
