INFO  Start processing
--------------------copy---------file-------
INFO  Files loaded in 1.1 s
INFO  Generated: baidusitemap.xml
INFO  Generated: sitemap.xml
INFO  Generated: 2020/02/01/普及系列：淘小铺到底值不值得做？做淘小铺能赚到钱吗/index.html
INFO  Generated: 2020/02/01/普及系列：淘小铺是什么靠谱么淘小铺的模式玩法/index.html
INFO  Generated: 2020/02/01/普及系列：淘小铺掌柜成长和奖励体系/index.html
INFO  Generated: 2020/01/31/普及系列：阿里巴巴直营的淘小铺会是下一个社交电商风口吗/index.html
INFO  Generated: 2020/01/31/普及系列：“淘小铺”出现，创业新商机！/index.html
INFO  Generated: 2020/01/31/普及系列：教你了解“淘小铺”/index.html
INFO  Generated: 2020/01/31/普及系列：淘小铺新增【正品保障】服务/index.html
INFO  Generated: 2020/01/31/普及系列：淘小铺境内供应商保证金调整，部分类目缴纳5万元/index.html
INFO  Generated: 2020/01/31/普及系列：淘小铺掌柜赚钱三步走！/index.html
INFO  Generated: 2020/01/31/普及系列：淘小铺掌柜高佣商品分享FAQ/index.html
INFO  Generated: 2020/01/31/普及系列：淘小铺与淘宝店铺有什么区别-淘小铺与淘宝店铺有什么区别/index.html
INFO  Generated: 2020/01/30/普及系列：淘小铺高佣掌柜常见问题答疑/index.html
INFO  Generated: 2020/01/30/普及系列：淘小铺问题详细解答/index.html
INFO  Generated: 2020/01/30/普及系列：史诗级个人躺赚新机会-淘小铺/index.html
INFO  Generated: 2020/01/30/普及系列：淘小铺-收益模型推算-千万收益不是梦？/index.html
INFO  Generated: 2020/01/30/普及系列：淘小铺赚钱模式和奖金制度/index.html
INFO  Generated: 2020/01/30/普及系列：淘小铺是什么时候出来的？现在做晚不晚/index.html
INFO  Generated: 2020/01/30/普及系列：淘小铺供应商入驻条件是什么？怎么入驻淘小铺？/index.html
INFO  Generated: 2020/01/30/普及系列：三帅六将阿彬老师：加入淘小铺-开启淘小铺创收之路/index.html
INFO  Generated: 2020/01/30/淘小铺我的创业之路：我对淘小铺的理解（四）/index.html
INFO  Generated: 2020/01/30/淘小铺我的创业之路：淘小铺最新机制，一月20号上线（三）/index.html
INFO  Generated: 2020/01/30/淘小铺我的创业之路：淘小铺最新机制，一月20号上线/index.html
INFO  Generated: 2020/01/30/淘小铺我的创业之路：开启淘小铺（一）/index.html
INFO  Generated: 2020/01/30/普及系列：淘宝电商和社交电商的区别/index.html
INFO  Generated: 2020/01/30/普及系列：阿里巴巴淘小铺会造就多少人/index.html
INFO  Generated: 2020/01/30/普及系列：如何看待淘宝今天推出的淘小铺？专访天猫国总裁讯飞/index.html
INFO  Generated: 2020/01/30/普及系列：如何快速的在淘小铺，组建千军万马团队的5个核心关键点！/index.html
INFO  Generated: 2020/01/30/普及系列：淘小铺：开小铺，赚点钱/index.html
INFO  Generated: 2020/01/30/普及系列：淘小铺最全资料，本文以11个点详解淘小铺【收藏版】/index.html
INFO  Generated: 2020/01/30/普及系列：阿里巴巴淘小铺正式开放注册：分享商品就能赚钱/index.html
INFO  Generated: 2020/01/30/普及系列：一文读懂淘小铺/index.html
INFO  Generated: 2020/01/30/index/index.html
INFO  Generated: archives/index.html
INFO  Generated: archives/page/2/index.html
INFO  Generated: archives/page/3/index.html
INFO  Generated: archives/page/4/index.html
INFO  Generated: archives/2020/index.html
INFO  Generated: archives/2020/page/2/index.html
INFO  Generated: archives/2020/page/3/index.html
INFO  Generated: archives/2020/page/4/index.html
INFO  Generated: archives/2020/01/index.html
INFO  Generated: archives/2020/01/page/2/index.html
INFO  Generated: archives/2020/01/page/3/index.html
INFO  Generated: archives/2020/02/index.html
INFO  Generated: index.html
INFO  Generated: page/2/index.html
INFO  Generated: page/3/index.html
INFO  Generated: page/4/index.html
INFO  Generated: images/pasted-69.png
INFO  Generated: images/pasted-65.png
INFO  Generated: images/pasted-68.png
INFO  Generated: images/pasted-62.png
INFO  Generated: images/pasted-63.png
INFO  Generated: images/pasted-67.png
INFO  Generated: images/pasted-66.png
INFO  Generated: images/pasted-64.png
INFO  58 files generated in 1.91 s
INFO  Hexo is watching for file changes. Press Ctrl+C to exit.
INFO  Start processing
--------------------copy---------file-------
INFO  Files loaded in 770 ms
INFO  0 files generated in 1.63 s
INFO  Hexo is watching for file changes. Press Ctrl+C to exit.
--------------------copy---------file-------
--------------------copy---------file-------
--------------------copy---------file-------
--------------------copy---------file-------
--------------------copy---------file-------
--------------------copy---------file-------
INFO  Generated: images/pasted-70.png
--------------------copy---------file-------
INFO  Generated: images/pasted-70.png
--------------------copy---------file-------
--------------------copy---------file-------
--------------------copy---------file-------
INFO  Generated: images/pasted-71.png
--------------------copy---------file-------
INFO  Generated: images/pasted-71.png
--------------------copy---------file-------
--------------------copy---------file-------
--------------------copy---------file-------
INFO  Generated: images/pasted-72.png
--------------------copy---------file-------
INFO  Generated: images/pasted-72.png
--------------------copy---------file-------
--------------------copy---------file-------
--------------------copy---------file-------
INFO  Generated: images/pasted-73.png
--------------------copy---------file-------
INFO  Generated: images/pasted-73.png
--------------------copy---------file-------
--------------------copy---------file-------
--------------------copy---------file-------
INFO  Generated: images/pasted-74.png
--------------------copy---------file-------
INFO  Generated: images/pasted-74.png
--------------------copy---------file-------
--------------------copy---------file-------
--------------------copy---------file-------
--------------------copy---------file-------
--------------------copy---------file-------
--------------------copy---------file-------
--------------------copy---------file-------
INFO  Generated: baidusitemap.xml
INFO  Generated: sitemap.xml
INFO  Generated: 2020/02/01/普及系列：淘小铺到底值不值得做？做淘小铺能赚到钱吗/index.html
INFO  Generated: 2020/02/01/普及系列：淘小铺是什么靠谱么淘小铺的模式玩法/index.html
INFO  Generated: 2020/02/01/普及系列：淘小铺掌柜成长和奖励体系/index.html
INFO  Generated: 2020/01/31/普及系列：阿里巴巴直营的淘小铺会是下一个社交电商风口吗/index.html
INFO  Generated: 2020/01/31/普及系列：“淘小铺”出现，创业新商机！/index.html
INFO  Generated: 2020/01/31/普及系列：教你了解“淘小铺”/index.html
INFO  Generated: 2020/01/31/普及系列：淘小铺新增【正品保障】服务/index.html
INFO  Generated: 2020/01/31/普及系列：淘小铺境内供应商保证金调整，部分类目缴纳5万元/index.html
INFO  Generated: 2020/01/31/普及系列：淘小铺掌柜赚钱三步走！/index.html
INFO  Generated: 2020/01/31/普及系列：淘小铺掌柜高佣商品分享FAQ/index.html
INFO  Generated: 2020/01/31/普及系列：淘小铺与淘宝店铺有什么区别-淘小铺与淘宝店铺有什么区别/index.html
INFO  Generated: 2020/01/30/普及系列：淘小铺高佣掌柜常见问题答疑/index.html
INFO  Generated: 2020/01/30/普及系列：淘小铺问题详细解答/index.html
INFO  Generated: 2020/01/30/普及系列：史诗级个人躺赚新机会-淘小铺/index.html
INFO  Generated: 2020/01/30/普及系列：淘小铺-收益模型推算-千万收益不是梦？/index.html
INFO  Generated: 2020/01/30/普及系列：淘小铺赚钱模式和奖金制度/index.html
INFO  Generated: 2020/01/30/普及系列：淘小铺是什么时候出来的？现在做晚不晚/index.html
INFO  Generated: 2020/01/30/普及系列：淘小铺供应商入驻条件是什么？怎么入驻淘小铺？/index.html
INFO  Generated: 2020/01/30/普及系列：三帅六将阿彬老师：加入淘小铺-开启淘小铺创收之路/index.html
INFO  Generated: 2020/01/30/淘小铺我的创业之路：我对淘小铺的理解（四）/index.html
INFO  Generated: 2020/01/30/淘小铺我的创业之路：淘小铺最新机制，一月20号上线（三）/index.html
INFO  Generated: 2020/01/30/淘小铺我的创业之路：淘小铺最新机制，一月20号上线/index.html
INFO  Generated: 2020/01/30/淘小铺我的创业之路：开启淘小铺（一）/index.html
INFO  Generated: 2020/01/30/普及系列：淘宝电商和社交电商的区别/index.html
INFO  Generated: 2020/01/30/普及系列：阿里巴巴淘小铺会造就多少人/index.html
INFO  Generated: 2020/01/30/普及系列：如何看待淘宝今天推出的淘小铺？专访天猫国总裁讯飞/index.html
INFO  Generated: 2020/01/30/普及系列：如何快速的在淘小铺，组建千军万马团队的5个核心关键点！/index.html
INFO  Generated: 2020/01/30/普及系列：淘小铺：开小铺，赚点钱/index.html
INFO  Generated: 2020/01/30/普及系列：淘小铺最全资料，本文以11个点详解淘小铺【收藏版】/index.html
INFO  Generated: 2020/01/30/普及系列：阿里巴巴淘小铺正式开放注册：分享商品就能赚钱/index.html
INFO  Generated: 2020/01/30/普及系列：一文读懂淘小铺/index.html
INFO  Generated: 2020/01/30/index/index.html
INFO  Generated: archives/index.html
INFO  Generated: archives/page/2/index.html
INFO  Generated: archives/page/3/index.html
INFO  Generated: archives/page/4/index.html
INFO  Generated: archives/2020/index.html
INFO  Generated: archives/2020/page/2/index.html
INFO  Generated: archives/2020/page/3/index.html
INFO  Generated: archives/2020/page/4/index.html
INFO  Generated: archives/2020/01/index.html
INFO  Generated: archives/2020/01/page/2/index.html
INFO  Generated: archives/2020/01/page/3/index.html
INFO  Generated: archives/2020/02/index.html
INFO  Generated: index.html
INFO  Generated: page/2/index.html
INFO  Generated: page/3/index.html
INFO  Generated: page/4/index.html
INFO  Generated: 2020/02/01/普及系列：淘小铺再掀创业潮？淘小铺让你“一键创业”/index.html
--------------------copy---------file-------
INFO  Generated: baidusitemap.xml
INFO  Generated: sitemap.xml
INFO  Generated: 2020/02/01/普及系列：淘小铺再掀创业潮？淘小铺让你“一键创业”/index.html
INFO  Generated: 2020/02/01/普及系列：淘小铺到底值不值得做？做淘小铺能赚到钱吗/index.html
INFO  Generated: 2020/02/01/普及系列：淘小铺是什么靠谱么淘小铺的模式玩法/index.html
INFO  Generated: 2020/02/01/普及系列：淘小铺掌柜成长和奖励体系/index.html
INFO  Generated: 2020/01/31/普及系列：阿里巴巴直营的淘小铺会是下一个社交电商风口吗/index.html
INFO  Generated: 2020/01/31/普及系列：“淘小铺”出现，创业新商机！/index.html
INFO  Generated: 2020/01/31/普及系列：教你了解“淘小铺”/index.html
INFO  Generated: 2020/01/31/普及系列：淘小铺新增【正品保障】服务/index.html
INFO  Generated: 2020/01/31/普及系列：淘小铺境内供应商保证金调整，部分类目缴纳5万元/index.html
INFO  Generated: 2020/01/31/普及系列：淘小铺掌柜赚钱三步走！/index.html
INFO  Generated: 2020/01/31/普及系列：淘小铺掌柜高佣商品分享FAQ/index.html
INFO  Generated: 2020/01/31/普及系列：淘小铺与淘宝店铺有什么区别-淘小铺与淘宝店铺有什么区别/index.html
INFO  Generated: 2020/01/30/普及系列：淘小铺高佣掌柜常见问题答疑/index.html
INFO  Generated: 2020/01/30/普及系列：淘小铺问题详细解答/index.html
INFO  Generated: 2020/01/30/普及系列：史诗级个人躺赚新机会-淘小铺/index.html
INFO  Generated: 2020/01/30/普及系列：淘小铺-收益模型推算-千万收益不是梦？/index.html
INFO  Generated: 2020/01/30/普及系列：淘小铺赚钱模式和奖金制度/index.html
INFO  Generated: 2020/01/30/普及系列：淘小铺是什么时候出来的？现在做晚不晚/index.html
INFO  Generated: 2020/01/30/普及系列：淘小铺供应商入驻条件是什么？怎么入驻淘小铺？/index.html
INFO  Generated: 2020/01/30/普及系列：三帅六将阿彬老师：加入淘小铺-开启淘小铺创收之路/index.html
INFO  Generated: 2020/01/30/淘小铺我的创业之路：我对淘小铺的理解（四）/index.html
INFO  Generated: 2020/01/30/淘小铺我的创业之路：淘小铺最新机制，一月20号上线（三）/index.html
INFO  Generated: 2020/01/30/淘小铺我的创业之路：淘小铺最新机制，一月20号上线/index.html
INFO  Generated: 2020/01/30/淘小铺我的创业之路：开启淘小铺（一）/index.html
INFO  Generated: 2020/01/30/普及系列：淘宝电商和社交电商的区别/index.html
INFO  Generated: 2020/01/30/普及系列：阿里巴巴淘小铺会造就多少人/index.html
INFO  Generated: 2020/01/30/普及系列：如何看待淘宝今天推出的淘小铺？专访天猫国总裁讯飞/index.html
INFO  Generated: 2020/01/30/普及系列：如何快速的在淘小铺，组建千军万马团队的5个核心关键点！/index.html
INFO  Generated: 2020/01/30/普及系列：淘小铺：开小铺，赚点钱/index.html
INFO  Generated: 2020/01/30/普及系列：淘小铺最全资料，本文以11个点详解淘小铺【收藏版】/index.html
INFO  Generated: 2020/01/30/普及系列：阿里巴巴淘小铺正式开放注册：分享商品就能赚钱/index.html
INFO  Generated: 2020/01/30/普及系列：一文读懂淘小铺/index.html
INFO  Generated: 2020/01/30/index/index.html
INFO  Generated: archives/index.html
INFO  Generated: archives/page/2/index.html
INFO  Generated: archives/page/3/index.html
INFO  Generated: archives/page/4/index.html
INFO  Generated: archives/2020/index.html
INFO  Generated: archives/2020/page/2/index.html
INFO  Generated: archives/2020/page/3/index.html
INFO  Generated: archives/2020/page/4/index.html
INFO  Generated: archives/2020/01/index.html
INFO  Generated: archives/2020/01/page/2/index.html
INFO  Generated: archives/2020/01/page/3/index.html
INFO  Generated: archives/2020/02/index.html
INFO  Generated: index.html
INFO  Generated: page/2/index.html
INFO  Generated: page/3/index.html
INFO  Generated: page/4/index.html
--------------------copy---------file-------
--------------------copy---------file-------
--------------------copy---------file-------
--------------------copy---------file-------
--------------------copy---------file-------
--------------------copy---------file-------
--------------------copy---------file-------
--------------------copy---------file-------
--------------------copy---------file-------
INFO  Generated: images/pasted-75.png
--------------------copy---------file-------
INFO  Generated: images/pasted-75.png
--------------------copy---------file-------
--------------------copy---------file-------
--------------------copy---------file-------
INFO  Generated: images/pasted-76.png
--------------------copy---------file-------
INFO  Generated: images/pasted-76.png
--------------------copy---------file-------
--------------------copy---------file-------
--------------------copy---------file-------
INFO  Generated: images/pasted-77.png
--------------------copy---------file-------
INFO  Generated: images/pasted-77.png
--------------------copy---------file-------
--------------------copy---------file-------
--------------------copy---------file-------
--------------------copy---------file-------
--------------------copy---------file-------
--------------------copy---------file-------
--------------------copy---------file-------
INFO  Generated: baidusitemap.xml
INFO  Generated: sitemap.xml
INFO  Generated: 2020/02/01/普及系列：淘小铺再掀创业潮？淘小铺让你“一键创业”/index.html
INFO  Generated: 2020/02/01/普及系列：淘小铺到底值不值得做？做淘小铺能赚到钱吗/index.html
INFO  Generated: 2020/02/01/普及系列：淘小铺是什么靠谱么淘小铺的模式玩法/index.html
INFO  Generated: 2020/02/01/普及系列：淘小铺掌柜成长和奖励体系/index.html
INFO  Generated: 2020/01/31/普及系列：阿里巴巴直营的淘小铺会是下一个社交电商风口吗/index.html
INFO  Generated: 2020/01/31/普及系列：“淘小铺”出现，创业新商机！/index.html
INFO  Generated: 2020/01/31/普及系列：教你了解“淘小铺”/index.html
INFO  Generated: 2020/01/31/普及系列：淘小铺新增【正品保障】服务/index.html
INFO  Generated: 2020/01/31/普及系列：淘小铺境内供应商保证金调整，部分类目缴纳5万元/index.html
INFO  Generated: 2020/01/31/普及系列：淘小铺掌柜赚钱三步走！/index.html
INFO  Generated: 2020/01/31/普及系列：淘小铺掌柜高佣商品分享FAQ/index.html
INFO  Generated: 2020/01/31/普及系列：淘小铺与淘宝店铺有什么区别-淘小铺与淘宝店铺有什么区别/index.html
INFO  Generated: 2020/01/30/普及系列：淘小铺高佣掌柜常见问题答疑/index.html
INFO  Generated: 2020/01/30/普及系列：淘小铺问题详细解答/index.html
INFO  Generated: 2020/01/30/普及系列：史诗级个人躺赚新机会-淘小铺/index.html
INFO  Generated: 2020/01/30/普及系列：淘小铺-收益模型推算-千万收益不是梦？/index.html
INFO  Generated: 2020/01/30/普及系列：淘小铺赚钱模式和奖金制度/index.html
INFO  Generated: 2020/01/30/普及系列：淘小铺是什么时候出来的？现在做晚不晚/index.html
INFO  Generated: 2020/01/30/普及系列：淘小铺供应商入驻条件是什么？怎么入驻淘小铺？/index.html
INFO  Generated: 2020/01/30/普及系列：三帅六将阿彬老师：加入淘小铺-开启淘小铺创收之路/index.html
INFO  Generated: 2020/01/30/淘小铺我的创业之路：我对淘小铺的理解（四）/index.html
INFO  Generated: 2020/01/30/淘小铺我的创业之路：淘小铺最新机制，一月20号上线（三）/index.html
INFO  Generated: 2020/01/30/淘小铺我的创业之路：淘小铺最新机制，一月20号上线/index.html
INFO  Generated: 2020/01/30/淘小铺我的创业之路：开启淘小铺（一）/index.html
INFO  Generated: 2020/01/30/普及系列：淘宝电商和社交电商的区别/index.html
INFO  Generated: 2020/01/30/普及系列：阿里巴巴淘小铺会造就多少人/index.html
INFO  Generated: 2020/01/30/普及系列：如何看待淘宝今天推出的淘小铺？专访天猫国总裁讯飞/index.html
INFO  Generated: 2020/01/30/普及系列：如何快速的在淘小铺，组建千军万马团队的5个核心关键点！/index.html
INFO  Generated: 2020/01/30/普及系列：淘小铺：开小铺，赚点钱/index.html
INFO  Generated: 2020/01/30/普及系列：淘小铺最全资料，本文以11个点详解淘小铺【收藏版】/index.html
INFO  Generated: 2020/01/30/普及系列：阿里巴巴淘小铺正式开放注册：分享商品就能赚钱/index.html
INFO  Generated: 2020/01/30/普及系列：一文读懂淘小铺/index.html
INFO  Generated: 2020/01/30/index/index.html
INFO  Generated: archives/index.html
INFO  Generated: archives/page/2/index.html
INFO  Generated: archives/page/3/index.html
INFO  Generated: archives/page/4/index.html
INFO  Generated: archives/2020/index.html
INFO  Generated: archives/2020/page/2/index.html
INFO  Generated: archives/2020/page/3/index.html
INFO  Generated: archives/2020/page/4/index.html
INFO  Generated: archives/2020/01/index.html
INFO  Generated: archives/2020/01/page/2/index.html
INFO  Generated: archives/2020/01/page/3/index.html
INFO  Generated: archives/2020/02/index.html
INFO  Generated: index.html
INFO  Generated: page/2/index.html
INFO  Generated: page/3/index.html
INFO  Generated: page/4/index.html
INFO  Generated: 2020/02/01/普及系列：淘小铺是什么靠谱么/index.html
INFO  Generated: baidusitemap.xml
INFO  Generated: sitemap.xml
INFO  Generated: 2020/02/01/普及系列：淘小铺再掀创业潮？淘小铺让你“一键创业”/index.html
INFO  Generated: 2020/02/01/普及系列：淘小铺到底值不值得做？做淘小铺能赚到钱吗/index.html
INFO  Generated: 2020/02/01/普及系列：淘小铺是什么靠谱么淘小铺的模式玩法/index.html
INFO  Generated: 2020/02/01/普及系列：淘小铺掌柜成长和奖励体系/index.html
INFO  Generated: 2020/01/31/普及系列：阿里巴巴直营的淘小铺会是下一个社交电商风口吗/index.html
INFO  Generated: 2020/01/31/普及系列：“淘小铺”出现，创业新商机！/index.html
INFO  Generated: 2020/01/31/普及系列：教你了解“淘小铺”/index.html
INFO  Generated: 2020/01/31/普及系列：淘小铺新增【正品保障】服务/index.html
INFO  Generated: 2020/01/31/普及系列：淘小铺境内供应商保证金调整，部分类目缴纳5万元/index.html
INFO  Generated: 2020/01/31/普及系列：淘小铺掌柜赚钱三步走！/index.html
INFO  Generated: 2020/01/31/普及系列：淘小铺掌柜高佣商品分享FAQ/index.html
INFO  Generated: 2020/01/31/普及系列：淘小铺与淘宝店铺有什么区别-淘小铺与淘宝店铺有什么区别/index.html
INFO  Generated: 2020/01/30/普及系列：淘小铺高佣掌柜常见问题答疑/index.html
INFO  Generated: 2020/01/30/普及系列：淘小铺问题详细解答/index.html
INFO  Generated: 2020/01/30/普及系列：史诗级个人躺赚新机会-淘小铺/index.html
INFO  Generated: 2020/01/30/普及系列：淘小铺-收益模型推算-千万收益不是梦？/index.html
INFO  Generated: 2020/01/30/普及系列：淘小铺赚钱模式和奖金制度/index.html
INFO  Generated: 2020/01/30/普及系列：淘小铺是什么时候出来的？现在做晚不晚/index.html
INFO  Generated: 2020/01/30/普及系列：淘小铺供应商入驻条件是什么？怎么入驻淘小铺？/index.html
INFO  Generated: 2020/01/30/普及系列：三帅六将阿彬老师：加入淘小铺-开启淘小铺创收之路/index.html
INFO  Generated: 2020/01/30/淘小铺我的创业之路：我对淘小铺的理解（四）/index.html
INFO  Generated: 2020/01/30/淘小铺我的创业之路：淘小铺最新机制，一月20号上线（三）/index.html
INFO  Generated: 2020/01/30/淘小铺我的创业之路：淘小铺最新机制，一月20号上线/index.html
INFO  Generated: 2020/01/30/淘小铺我的创业之路：开启淘小铺（一）/index.html
INFO  Generated: 2020/01/30/普及系列：淘宝电商和社交电商的区别/index.html
INFO  Generated: 2020/01/30/普及系列：阿里巴巴淘小铺会造就多少人/index.html
INFO  Generated: 2020/01/30/普及系列：如何看待淘宝今天推出的淘小铺？专访天猫国总裁讯飞/index.html
INFO  Generated: 2020/01/30/普及系列：如何快速的在淘小铺，组建千军万马团队的5个核心关键点！/index.html
INFO  Generated: 2020/01/30/普及系列：淘小铺：开小铺，赚点钱/index.html
INFO  Generated: 2020/01/30/普及系列：淘小铺最全资料，本文以11个点详解淘小铺【收藏版】/index.html
INFO  Generated: 2020/01/30/普及系列：阿里巴巴淘小铺正式开放注册：分享商品就能赚钱/index.html
INFO  Generated: 2020/01/30/普及系列：一文读懂淘小铺/index.html
INFO  Generated: 2020/01/30/index/index.html
INFO  Generated: archives/index.html
INFO  Generated: archives/page/2/index.html
INFO  Generated: archives/page/3/index.html
INFO  Generated: archives/page/4/index.html
INFO  Generated: archives/2020/index.html
INFO  Generated: archives/2020/page/2/index.html
INFO  Generated: archives/2020/page/3/index.html
INFO  Generated: archives/2020/page/4/index.html
INFO  Generated: archives/2020/01/index.html
INFO  Generated: archives/2020/01/page/2/index.html
INFO  Generated: archives/2020/01/page/3/index.html
INFO  Generated: archives/2020/02/index.html
INFO  Generated: index.html
INFO  Generated: page/2/index.html
INFO  Generated: page/3/index.html
INFO  Generated: page/4/index.html
INFO  Generated: 2020/02/01/普及系列：淘小铺是什么靠谱么/index.html
